0.64825 1 2699.85 -3.81537e+06 0.999943 -0.0321667 0 0 1 0 0 0 1 2699.85 -3.81537e+06 1.12859e+07 -3.1686e+06 8.3635e+08 0.00188891 0.193882 0.193891 0 0 
0.64875 1 2699.85 -3.80451e+06 0.999943 -0.032141 0 0 1 0 0 0 1 2699.85 -3.80451e+06 1.12859e+07 -3.17225e+06 8.35682e+08 0.00232252 0.271165 0.271175 0 0 
0.64925 1 2699.85 -3.78676e+06 0.999943 -0.0321058 0 0 1 0 0 0 1 2699.85 -3.78676e+06 1.12859e+07 -3.1769e+06 8.34766e+08 0.00289466 0.37272 0.372731 0 0 
0.64975 1 2699.85 -3.76671e+06 0.999943 -0.0320608 0 0 1 0 0 0 1 2699.85 -3.76671e+06 1.12859e+07 -3.18302e+06 8.33597e+08 0.00374357 0.511513 0.511527 0 0 
0.65025 1 2699.85 -3.74029e+06 0.999944 -0.0320055 0 0 1 0 0 0 1 2699.85 -3.74029e+06 1.12859e+07 -3.1916e+06 8.3216e+08 0.0048447 0.700066 0.700083 0 0 
0.65075 1 2699.85 -3.70461e+06 0.999944 -0.0319346 0 0 1 0 0 0 1 2699.85 -3.70461e+06 1.12858e+07 -3.20319e+06 8.30315e+08 0.00619451 0.942908 0.942928 0 0 
0.65125 1 2699.85 -3.6604e+06 0.999945 -0.031838 0 0 1 0 0 0 1 2699.85 -3.6604e+06 1.12858e+07 -3.21602e+06 8.27802e+08 0.00763577 1.24347 1.24349 0 0 
0.65175 1 2699.85 -3.59128e+06 0.999946 -0.0316914 0 0 1 0 0 0 1 2699.85 -3.59128e+06 1.12858e+07 -3.23761e+06 8.23992e+08 0.0102672 1.67451 1.67454 0 0.1 
0.652125 1 2699.86 -3.51543e+06 0.999947 -0.0315524 0 0 1 0 0 0 1 2699.86 -3.51543e+06 1.12857e+07 -3.26277e+06 8.20378e+08 0.0145412 2.18149 2.18154 1 0 
0.652375 1 2699.86 -3.45609e+06 0.999948 -0.031396 0 0 1 0 0 0 1 2699.86 -3.45609e+06 1.12857e+07 -3.2825e+06 8.1631e+08 0.0163769 2.59344 2.59349 1 0.1 
0.652563 1 2699.86 -3.34213e+06 0.999949 -0.0311944 0 0 1 0 0 0 1 2699.86 -3.34213e+06 1.12856e+07 -3.31861e+06 8.11068e+08 0.02041 3.08744 3.0875 2 0 
0.652687 1 2699.87 -3.28704e+06 0.99995 -0.0310711 0 0 1 0 0 0 1 2699.87 -3.28704e+06 1.12856e+07 -3.3483e+06 8.07862e+08 0.0229926 3.53329 3.53337 2 0 
0.652813 1 2699.87 -3.20864e+06 0.999951 -0.0308993 0 0 1 0 0 0 1 2699.87 -3.20864e+06 1.12855e+07 -3.37335e+06 8.03395e+08 0.0265072 4.18559 4.18567 2 0 
0.652938 1 2699.87 -3.12769e+06 0.999953 -0.0306749 0 0 1 0 0 0 1 2699.87 -3.12769e+06 1.12855e+07 -3.3892e+06 7.97561e+08 0.0305926 4.97108 4.97117 2 0.1 
0.653031 1 2699.87 -2.98412e+06 0.999954 -0.0304192 0 0 1 0 0 0 1 2699.87 -2.98412e+06 1.12854e+07 -3.42441e+06 7.90911e+08 0.0362579 5.78248 5.7826 3 0 
0.653094 1 2699.88 -2.90409e+06 0.999955 -0.0302475 0 0 1 0 0 0 1 2699.88 -2.90409e+06 1.12853e+07 -3.46945e+06 7.86446e+08 0.0397001 6.38703 6.38716 3 0 
0.653156 1 2699.88 -2.78325e+06 0.999957 -0.0300104 0 0 1 0 0 0 1 2699.88 -2.78325e+06 1.12853e+07 -3.52089e+06 7.80281e+08 0.0437627 7.11714 7.11727 3 0 
0.653219 1 2699.89 -2.66271e+06 0.999959 -0.0297322 0 0 1 0 0 0 1 2699.89 -2.66271e+06 1.12852e+07 -3.57301e+06 7.73049e+08 0.0481895 7.91607 7.91622 3 0 
0.653281 1 2699.89 -2.51189e+06 0.999961 -0.0294232 0 0 1 0 0 0 1 2699.89 -2.51189e+06 1.12851e+07 -3.62333e+06 7.65013e+08 0.0530348 8.78937 8.78953 3 0 
0.653344 1 2699.9 -2.37582e+06 0.999963 -0.0290932 0 0 1 0 0 0 1 2699.9 -2.37582e+06 1.1285e+07 -3.67257e+06 7.56432e+08 0.0585964 9.73226 9.73243 3 0.1 
0.653406 1 2699.91 -2.22248e+06 0.999965 -0.0287474 0 0 1 0 0 0 1 2699.91 -2.22248e+06 1.1285e+07 -3.72486e+06 7.47442e+08 0.064851 10.7527 10.7529 3 0.3 
0.653469 1 2699.91 -2.07771e+06 0.999967 -0.0283866 0 0 1 0 0 0 1 2699.91 -2.07771e+06 1.12849e+07 -3.77615e+06 7.3806e+08 0.071583 11.853 11.8532 3 1.4 
0.653531 1 2699.92 -1.89081e+06 0.999969 -0.0280079 0 0 1 0 0 0 1 2699.92 -1.89081e+06 1.12848e+07 -3.82427e+06 7.28213e+08 0.0789661 13.029 13.0293 3 1.4 
0.653594 1 2699.92 -1.73453e+06 0.999971 -0.0276076 0 0 1 0 0 0 1 2699.92 -1.73453e+06 1.12847e+07 -3.87618e+06 7.17804e+08 0.086859 14.2734 14.2736 3 1.4 
0.653656 1 2699.93 -1.55806e+06 0.999974 -0.0271841 0 0 1 0 0 0 1 2699.93 -1.55806e+06 1.12846e+07 -3.9348e+06 7.06793e+08 0.0946154 15.5845 15.5848 3 1.4 
0.653719 1 2699.94 -1.38577e+06 0.999977 -0.0267394 0 0 1 0 0 0 1 2699.94 -1.38577e+06 1.12845e+07 -3.99831e+06 6.95229e+08 0.102488 16.9711 16.9714 3 1.4 
0.653781 1 2699.94 -1.18486e+06 0.999979 -0.0262774 0 0 1 0 0 0 1 2699.94 -1.18486e+06 1.12844e+07 -4.06665e+06 6.83218e+08 0.110732 18.4482 18.4485 3 1.4 
0.653844 1 2699.95 -1.00355e+06 0.999982 -0.0258013 0 0 1 0 0 0 1 2699.95 -1.00355e+06 1.12843e+07 -4.13828e+06 6.70837e+08 0.119432 20.0267 20.027 3 1.4 
0.653906 1 2699.96 -804613 0.999985 -0.0253093 0 0 1 0 0 0 1 2699.96 -804613 1.12842e+07 -4.2114e+06 6.58045e+08 0.12842 21.7042 21.7046 3 1.4 
0.653969 1 2699.97 -618710 0.999988 -0.0247945 0 0 1 0 0 0 1 2699.97 -618710 1.12841e+07 -4.28231e+06 6.4466e+08 0.137395 23.4626 23.463 3 1.4 
0.654031 1 2699.97 -381724 0.99999 -0.0242474 0 0 1 0 0 0 1 2699.97 -381724 1.12841e+07 -4.35148e+06 6.30434e+08 0.146619 25.2762 25.2766 3 1.4 
0.654094 1 2699.98 -177008 0.999993 -0.0236609 0 0 1 0 0 0 1 2699.98 -177008 1.1284e+07 -4.42803e+06 6.15185e+08 0.15613 27.1261 27.1265 3 1.4 
0.654156 1 2699.99 50964.7 0.999996 -0.023034 0 0 1 0 0 0 1 2699.99 50964.7 1.12839e+07 -4.51157e+06 5.98886e+08 0.165237 29.0103 29.0108 3 1.4 
0.654219 1 2700 271129 1 -0.0223719 0 0 1 0 0 0 1 2700 271129 1.12838e+07 -4.59506e+06 5.81669e+08 0.174405 30.9442 30.9447 3 1.4 
0.654281 1 2700.01 513012 1 -0.0216825 0 0 1 0 0 0 1 2700.01 513012 1.12837e+07 -4.67589e+06 5.63744e+08 0.183977 32.9512 32.9517 3 1.4 
0.654344 1 2700.02 732510 1.00001 -0.0209729 0 0 1 0 0 0 1 2700.02 732510 1.12836e+07 -4.75443e+06 5.45294e+08 0.194006 35.052 35.0525 3 1.4 
0.654406 1 2700.03 961810 1.00001 -0.0202463 0 0 1 0 0 0 1 2700.03 961810 1.12836e+07 -4.83595e+06 5.26403e+08 0.204054 37.2571 37.2577 3 1.4 
0.654469 1 2700.03 1.17997e+06 1.00001 -0.0195015 0 0 1 0 0 0 1 2700.03 1.17997e+06 1.12835e+07 -4.92104e+06 5.07037e+08 0.213474 39.5622 39.5628 3 1.4 
0.654531 1 2700.04 1.44447e+06 1.00002 -0.0187322 0 0 1 0 0 0 1 2700.04 1.44447e+06 1.12835e+07 -5.00998e+06 4.87035e+08 0.222667 41.9498 41.9504 3 1.4 
0.654594 1 2700.05 1.66748e+06 1.00002 -0.0179337 0 0 1 0 0 0 1 2700.05 1.66748e+06 1.12834e+07 -5.10499e+06 4.66274e+08 0.231881 44.4009 44.4015 3 1.4 
0.654656 1 2700.06 1.89771e+06 1.00002 -0.0171043 0 0 1 0 0 0 1 2700.06 1.89771e+06 1.12834e+07 -5.19738e+06 4.44708e+08 0.240968 46.9193 46.9199 3 1.4 
0.654719 1 2700.07 2.10393e+06 1.00003 -0.0162594 0 0 1 0 0 0 1 2700.07 2.10393e+06 1.12834e+07 -5.27653e+06 4.22742e+08 0.250407 49.53 49.5306 3 1.4 
0.654781 1 2700.08 2.31991e+06 1.00003 -0.0154028 0 0 1 0 0 0 1 2700.08 2.31991e+06 1.12834e+07 -5.34769e+06 4.0047e+08 0.260401 52.2573 52.2579 3 0.3 
0.654844 1 2700.08 2.50301e+06 1.00003 -0.0145504 0 0 1 0 0 0 1 2700.08 2.50301e+06 1.12834e+07 -5.41691e+06 3.78305e+08 0.270164 55.0748 55.0755 3 0.1 
0.654906 1 2700.09 2.70013e+06 1.00003 -0.0136608 0 0 1 0 0 0 1 2700.09 2.70013e+06 1.12835e+07 -5.49435e+06 3.55176e+08 0.27942 57.9602 57.9609 3 0 
0.654969 1 2700.1 2.8649e+06 1.00004 -0.0128144 0 0 1 0 0 0 1 2700.1 2.8649e+06 1.12835e+07 -5.56387e+06 3.33169e+08 0.28761 60.8503 60.8509 3 0 
0.655031 1 2700.1 3.06625e+06 1.00004 -0.0119088 0 0 1 0 0 0 1 2700.1 3.06625e+06 1.12836e+07 -5.62893e+06 3.09624e+08 0.296231 63.7274 63.7281 3 0 
0.655094 1 2700.11 3.18223e+06 1.00004 -0.0111587 0 0 1 0 0 0 1 2700.11 3.18223e+06 1.12837e+07 -5.66582e+06 2.90122e+08 0.304029 66.2703 66.271 3 0 
0.655156 1 2700.12 3.34037e+06 1.00004 -0.0101971 0 0 1 0 0 0 1 2700.12 3.34037e+06 1.12837e+07 -5.7302e+06 2.65122e+08 0.312407 68.3916 68.3923 3 0 
0.655219 1 2700.12 3.38503e+06 1.00004 -0.00990043 0 0 1 0 0 0 1 2700.12 3.38503e+06 1.12838e+07 -5.75095e+06 2.57408e+08 0.316361 69.8412 69.8419 3 0 
0.655313 1 2700.12 3.50284e+06 1.00005 -0.00906176 0 0 1 0 0 0 1 2700.12 3.50284e+06 1.12839e+07 -5.79226e+06 2.35602e+08 0.317999 71.6567 71.6574 2 0.1 
0.655438 1 2700.13 3.58073e+06 1.00005 -0.00847247 0 0 1 0 0 0 1 2700.13 3.58073e+06 1.1284e+07 -5.83014e+06 2.20281e+08 0.323112 73.8844 73.8851 2 0 
0.655625 1 2700.13 3.71154e+06 1.00005 -0.00755664 0 0 1 0 0 0 1 2700.13 3.71154e+06 1.12841e+07 -5.88355e+06 1.9647e+08 0.327238 76.291 76.2917 1 0.1 
0.655875 1 2700.13 3.77942e+06 1.00005 -0.0069507 0 0 1 0 0 0 1 2700.13 3.77942e+06 1.12842e+07 -5.92215e+06 1.80715e+08 0.331747 78.739 78.7397 1 0 
0.65625 1 2700.14 3.86656e+06 1.00005 -0.00608212 0 0 1 0 0 0 1 2700.14 3.86656e+06 1.12844e+07 -5.95227e+06 1.58133e+08 0.334581 81.3579 81.3586 0 0.1 
0.65675 1 2700.14 3.93887e+06 1.00005 -0.00515878 0 0 1 0 0 0 1 2700.14 3.93887e+06 1.12846e+07 -5.97343e+06 1.34126e+08 0.338682 84.2438 84.2445 0 0 
0.65725 1 2700.14 4.00123e+06 1.00005 -0.00432946 0 0 1 0 0 0 1 2700.14 4.00123e+06 1.12847e+07 -6.0012e+06 1.12564e+08 0.341854 86.7582 86.7589 0 0 
0.65775 1 2700.15 4.04733e+06 1.00005 -0.00361984 0 0 1 0 0 0 1 2700.15 4.04733e+06 1.12849e+07 -6.02359e+06 9.41142e+07 0.344371 88.9273 88.928 0 0 
0.65825 1 2700.15 4.07983e+06 1.00005 -0.00300624 0 0 1 0 0 0 1 2700.15 4.07983e+06 1.1285e+07 -6.03878e+06 7.81609e+07 0.346142 90.8097 90.8104 0 0 
0.65875 1 2700.15 4.10251e+06 1.00005 -0.00247624 0 0 1 0 0 0 1 2700.15 4.10251e+06 1.12852e+07 -6.04893e+06 6.43811e+07 0.347367 92.4325 92.4332 0 0 
0.65925 1 2700.15 4.11913e+06 1.00005 -0.00202052 0 0 1 0 0 0 1 2700.15 4.11913e+06 1.12853e+07 -6.05709e+06 5.25327e+07 0.348293 93.8279 93.8285 0 0 
0.65975 1 2700.15 4.13132e+06 1.00006 -0.00163261 0 0 1 0 0 0 1 2700.15 4.13132e+06 1.12854e+07 -6.06382e+06 4.24471e+07 0.349 95.0149 95.0156 0 0 
0.66025 1 2700.15 4.13968e+06 1.00006 -0.00130607 0 0 1 0 0 0 1 2700.15 4.13968e+06 1.12855e+07 -6.06858e+06 3.39572e+07 0.349492 96.0136 96.0142 0 0 
0.66075 1 2700.15 4.145e+06 1.00006 -0.00103437 0 0 1 0 0 0 1 2700.15 4.145e+06 1.12856e+07 -6.07144e+06 2.6893e+07 0.349804 96.8441 96.8447 0 0 
0.66125 1 2700.15 4.14831e+06 1.00006 -0.000810938 0 0 1 0 0 0 1 2700.15 4.14831e+06 1.12856e+07 -6.0731e+06 2.1084e+07 0.349995 97.5267 97.5273 0 0 
0.66175 1 2700.15 4.1504e+06 1.00006 -0.000629363 0 0 1 0 0 0 1 2700.15 4.1504e+06 1.12857e+07 -6.07415e+06 1.63631e+07 0.350118 98.0811 98.0818 0 0 
0.66225 1 2700.15 4.15172e+06 1.00006 -0.000483514 0 0 1 0 0 0 1 2700.15 4.15172e+06 1.12857e+07 -6.07485e+06 1.25711e+07 0.350196 98.5263 98.5269 0 0 
0.66275 1 2700.15 4.15252e+06 1.00006 -0.000367716 0 0 1 0 0 0 1 2700.15 4.15252e+06 1.12858e+07 -6.07528e+06 9.56045e+06 0.350245 98.8795 98.8802 0 0 
0.66325 1 2700.15 4.15302e+06 1.00006 -0.000276832 0 0 1 0 0 0 1 2700.15 4.15302e+06 1.12858e+07 -6.07556e+06 7.19749e+06 0.350276 99.1567 99.1573 0 0 
0.66375 1 2700.15 4.15338e+06 1.00006 -0.000206313 0 0 1 0 0 0 1 2700.15 4.15338e+06 1.12858e+07 -6.07583e+06 5.36403e+06 0.350301 99.3717 99.3723 0 0 
0.66425 1 2700.15 4.1537e+06 1.00006 -0.000152213 0 0 1 0 0 0 1 2700.15 4.1537e+06 1.12858e+07 -6.07616e+06 3.95747e+06 0.350326 99.5365 99.5371 0 0 
0.66475 1 2700.15 4.15403e+06 1.00006 -0.000111175 0 0 1 0 0 0 1 2700.15 4.15403e+06 1.12858e+07 -6.07657e+06 2.89049e+06 0.350354 99.6615 99.6622 0 0 
0.66525 1 2700.15 4.15439e+06 1.00006 -8.03899e-05 0 0 1 0 0 0 1 2700.15 4.15439e+06 1.12859e+07 -6.07705e+06 2.0901e+06 0.350385 99.7553 99.7559 0 0 
0.66575 1 2700.15 4.15472e+06 1.00006 -5.75509e-05 0 0 1 0 0 0 1 2700.15 4.15472e+06 1.12859e+07 -6.07752e+06 1.4963e+06 0.350414 99.8248 99.8255 0 0 
0.66625 1 2700.15 4.15496e+06 1.00006 -4.07919e-05 0 0 1 0 0 0 1 2700.15 4.15496e+06 1.12859e+07 -6.07786e+06 1.06057e+06 0.350434 99.8759 99.8765 0 0 
0.66675 1 2700.15 4.15507e+06 1.00006 -2.86275e-05 0 0 1 0 0 0 1 2700.15 4.15507e+06 1.12859e+07 -6.07801e+06 744302 0.350443 99.9129 99.9135 0 0 
0.66725 1 2700.15 4.15509e+06 1.00006 -1.9893e-05 0 0 1 0 0 0 1 2700.15 4.15509e+06 1.12859e+07 -6.07804e+06 517208 0.350445 99.9395 99.9401 0 0 
0.66775 1 2700.15 4.15509e+06 1.00006 -1.3688e-05 0 0 1 0 0 0 1 2700.15 4.15509e+06 1.12859e+07 -6.07805e+06 355882 0.350445 99.9584 99.959 0 0 
0.66825 1 2700.15 4.15511e+06 1.00006 -9.32666e-06 0 0 1 0 0 0 1 2700.15 4.15511e+06 1.12859e+07 -6.07807e+06 242489 0.350444 99.9716 99.9722 0 0 
0.66875 1 2700.15 4.15514e+06 1.00006 -6.29326e-06 0 0 1 0 0 0 1 2700.15 4.15514e+06 1.12859e+07 -6.07811e+06 163622 0.350445 99.9809 99.9815 0 0 
0.66925 1 2700.15 4.1552e+06 1.00006 -4.20542e-06 0 0 1 0 0 0 1 2700.15 4.1552e+06 1.12859e+07 -6.0782e+06 109339 0.350449 99.9872 99.9878 0 0 
0.66975 1 2700.15 4.1553e+06 1.00006 -2.78322e-06 0 0 1 0 0 0 1 2700.15 4.1553e+06 1.12859e+07 -6.07836e+06 72362.4 0.350456 99.9915 99.9921 0 0 
0.67025 1 2700.15 4.15546e+06 1.00006 -1.82436e-06 0 0 1 0 0 0 1 2700.15 4.15546e+06 1.12859e+07 -6.07859e+06 47432.5 0.350469 99.9944 99.9951 0 0 
0.67075 1 2700.15 4.15566e+06 1.00006 -1.18445e-06 0 0 1 0 0 0 1 2700.15 4.15566e+06 1.12859e+07 -6.07888e+06 30795.2 0.350485 99.9964 99.997 0 0 
0.67125 1 2700.15 4.15587e+06 1.00006 -7.61705e-07 0 0 1 0 0 0 1 2700.15 4.15587e+06 1.12859e+07 -6.07919e+06 19804 0.350503 99.9977 99.9983 0 0 
0.67175 1 2700.15 4.15606e+06 1.00006 -4.85214e-07 0 0 1 0 0 0 1 2700.15 4.15606e+06 1.12859e+07 -6.07948e+06 12615.3 0.35052 99.9985 99.9991 0 0 
0.67225 1 2700.15 4.15622e+06 1.00006 -3.06174e-07 0 0 1 0 0 0 1 2700.15 4.15622e+06 1.12859e+07 -6.0797e+06 7960.38 0.350534 99.9991 99.9997 0 0 
0.67275 1 2700.15 4.15633e+06 1.00006 -1.9138e-07 0 0 1 0 0 0 1 2700.15 4.15633e+06 1.12859e+07 -6.07986e+06 4975.78 0.350545 99.9994 100 0 0 
0.67325 1 2700.15 4.15641e+06 1.00006 -1.18497e-07 0 0 1 0 0 0 1 2700.15 4.15641e+06 1.12859e+07 -6.07998e+06 3080.86 0.350553 99.9996 100 0 0 
0.67375 1 2700.15 4.15647e+06 1.00006 -7.26716e-08 0 0 1 0 0 0 1 2700.15 4.15647e+06 1.12859e+07 -6.08008e+06 1889.43 0.350561 99.9998 100 0 0 
0.67425 1 2700.15 4.15654e+06 1.00006 -4.41352e-08 0 0 1 0 0 0 1 2700.15 4.15654e+06 1.12859e+07 -6.08018e+06 1147.49 0.350569 99.9999 100 0 0 
0.67475 1 2700.15 4.15662e+06 1.00006 -2.65338e-08 0 0 1 0 0 0 1 2700.15 4.15662e+06 1.12859e+07 -6.0803e+06 689.867 0.350578 99.9999 100.001 0 0 
0.67525 1 2700.15 4.15673e+06 1.00006 -1.57803e-08 0 0 1 0 0 0 1 2700.15 4.15673e+06 1.12859e+07 -6.08045e+06 410.28 0.350589 100 100.001 0 0 
0.67575 1 2700.15 4.15685e+06 1.00006 -9.27422e-09 0 0 1 0 0 0 1 2700.15 4.15685e+06 1.12859e+07 -6.08064e+06 241.125 0.350601 100 100.001 0 0 
0.67625 1 2700.15 4.157e+06 1.00006 -5.37835e-09 0 0 1 0 0 0 1 2700.15 4.157e+06 1.12859e+07 -6.08085e+06 139.834 0.350614 100 100.001 0 0 
0.67675 1 2700.15 4.15716e+06 1.00006 -3.07603e-09 0 0 1 0 0 0 1 2700.15 4.15716e+06 1.12859e+07 -6.08109e+06 79.9754 0.350628 100 100.001 0 0 
0.67725 1 2700.15 4.15732e+06 1.00006 -1.74745e-09 0 0 1 0 0 0 1 2700.15 4.15732e+06 1.12859e+07 -6.08133e+06 45.4328 0.350641 100 100.001 0 0 
0.67775 1 2700.15 4.15748e+06 1.00006 -1.00223e-09 0 0 1 0 0 0 1 2700.15 4.15748e+06 1.12859e+07 -6.08157e+06 26.0576 0.350654 100 100.001 0 0 
0.67825 1 2700.15 4.15763e+06 1.00006 -6.26579e-10 0 0 1 0 0 0 1 2700.15 4.15763e+06 1.12859e+07 -6.08179e+06 16.2907 0.350666 100 100.001 0 0 
0.67875 1 2700.15 4.15777e+06 1.00006 -5.14221e-10 0 0 1 0 0 0 1 2700.15 4.15777e+06 1.12859e+07 -6.082e+06 13.3695 0.350677 100 100.001 0 0 
0.67925 1 2700.15 4.15791e+06 1.00006 -4.59604e-10 0 0 1 0 0 0 1 2700.15 4.15791e+06 1.12859e+07 -6.08219e+06 11.9495 0.350687 100 100.001 0 0 
0.67975 1 2700.15 4.15803e+06 1.00006 -4.06644e-10 0 0 1 0 0 0 1 2700.15 4.15803e+06 1.12859e+07 -6.08238e+06 10.5726 0.350697 100 100.001 0 0 
0.68025 1 2700.15 4.15816e+06 1.00006 -3.59627e-10 0 0 1 0 0 0 1 2700.15 4.15816e+06 1.12859e+07 -6.08256e+06 9.35012 0.350707 100 100.001 0 0 
0.68075 1 2700.15 4.15828e+06 1.00006 -3.1747e-10 0 0 1 0 0 0 1 2700.15 4.15828e+06 1.12859e+07 -6.08275e+06 8.25406 0.350717 100 100.001 0 0 
0.68125 1 2700.15 4.15842e+06 1.00006 -2.79737e-10 0 0 1 0 0 0 1 2700.15 4.15842e+06 1.12859e+07 -6.08295e+06 7.27304 0.350729 100 100.001 0 0 
0.68175 1 2700.15 4.15856e+06 1.00006 -2.46071e-10 0 0 1 0 0 0 1 2700.15 4.15856e+06 1.12859e+07 -6.08315e+06 6.39773 0.350741 100 100.001 0 0 
0.68225 1 2700.15 4.1587e+06 1.00006 -2.16108e-10 0 0 1 0 0 0 1 2700.15 4.1587e+06 1.12859e+07 -6.08337e+06 5.61871 0.350753 100 100.001 0 0 
0.68275 1 2700.15 4.15885e+06 1.00006 -1.89498e-10 0 0 1 0 0 0 1 2700.15 4.15885e+06 1.12859e+07 -6.08359e+06 4.92686 0.350766 100 100.001 0 0 
0.68325 1 2700.15 4.159e+06 1.00006 -1.65909e-10 0 0 1 0 0 0 1 2700.15 4.159e+06 1.12859e+07 -6.0838e+06 4.31354 0.350779 100 100.001 0 0 
0.68375 1 2700.15 4.15913e+06 1.00006 -1.45032e-10 0 0 1 0 0 0 1 2700.15 4.15913e+06 1.12859e+07 -6.084e+06 3.77077 0.350792 100 100.001 0 0 
0.68425 1 2700.15 4.15926e+06 1.00006 -1.26586e-10 0 0 1 0 0 0 1 2700.15 4.15926e+06 1.12859e+07 -6.08419e+06 3.29119 0.350804 100 100.001 0 0 
0.68475 1 2700.15 4.15938e+06 1.00006 -1.10313e-10 0 0 1 0 0 0 1 2700.15 4.15938e+06 1.12859e+07 -6.08436e+06 2.86808 0.350815 100 100.001 0 0 
0.68525 1 2700.15 4.15949e+06 1.00006 -9.59775e-11 0 0 1 0 0 0 1 2700.15 4.15949e+06 1.12859e+07 -6.08453e+06 2.49537 0.350826 100 100.001 0 0 
0.68575 1 2700.15 4.15961e+06 1.00006 -8.33694e-11 0 0 1 0 0 0 1 2700.15 4.15961e+06 1.12859e+07 -6.0847e+06 2.16756 0.350836 100 100.001 0 0 
0.68625 1 2700.15 4.15972e+06 1.00006 -7.22981e-11 0 0 1 0 0 0 1 2700.15 4.15972e+06 1.12859e+07 -6.08487e+06 1.87971 0.350847 100 100.001 0 0 
0.68675 1 2700.15 4.15985e+06 1.00006 -6.25921e-11 0 0 1 0 0 0 1 2700.15 4.15985e+06 1.12859e+07 -6.08506e+06 1.62737 0.350858 100 100.001 0 0 
0.68725 1 2700.15 4.15999e+06 1.00006 -5.40977e-11 0 0 1 0 0 0 1 2700.15 4.15999e+06 1.12859e+07 -6.08526e+06 1.40651 0.350869 100 100.001 0 0 
0.68775 1 2700.15 4.16014e+06 1.00006 -4.66763e-11 0 0 1 0 0 0 1 2700.15 4.16014e+06 1.12859e+07 -6.08548e+06 1.21356 0.350881 100 100.001 0 0 
0.68825 1 2700.15 4.16029e+06 1.00006 -4.02041e-11 0 0 1 0 0 0 1 2700.15 4.16029e+06 1.12859e+07 -6.08571e+06 1.04529 0.350894 100 100.001 0 0 
0.68875 1 2700.15 4.16046e+06 1.00006 -3.45698e-11 0 0 1 0 0 0 1 2700.15 4.16046e+06 1.12859e+07 -6.08595e+06 0.898798 0.350906 100 100.001 0 0 
0.68925 1 2700.15 4.16062e+06 1.00006 -2.96738e-11 0 0 1 0 0 0 1 2700.15 4.16062e+06 1.12859e+07 -6.08619e+06 0.771506 0.350919 100 100.001 0 0 
0.68975 1 2700.15 4.16077e+06 1.00006 -2.54274e-11 0 0 1 0 0 0 1 2700.15 4.16077e+06 1.12859e+07 -6.08642e+06 0.661099 0.350932 100 100.001 0 0 
0.69025 1 2700.15 4.16091e+06 1.00006 -2.17511e-11 0 0 1 0 0 0 1 2700.15 4.16091e+06 1.12859e+07 -6.08663e+06 0.565517 0.350944 100 100.001 0 0 
0.69075 1 2700.15 4.16105e+06 1.00006 -1.85742e-11 0 0 1 0 0 0 1 2700.15 4.16105e+06 1.12859e+07 -6.08682e+06 0.482921 0.350955 100 100.001 0 0 
0.69125 1 2700.15 4.16117e+06 1.00006 -1.58341e-11 0 0 1 0 0 0 1 2700.15 4.16117e+06 1.12859e+07 -6.087e+06 0.41168 0.350966 100 100.001 0 0 
0.69175 1 2700.15 4.16128e+06 1.00006 -1.34751e-11 0 0 1 0 0 0 1 2700.15 4.16128e+06 1.12859e+07 -6.08717e+06 0.350346 0.350976 100 100.001 0 0 
0.69225 1 2700.15 4.1614e+06 1.00006 -1.14479e-11 0 0 1 0 0 0 1 2700.15 4.1614e+06 1.12859e+07 -6.08734e+06 0.297639 0.350987 100 100.001 0 0 
0.69275 1 2700.15 4.16152e+06 1.00006 -9.70903e-12 0 0 1 0 0 0 1 2700.15 4.16152e+06 1.12859e+07 -6.08751e+06 0.25243 0.350999 100 100.001 0 0 
0.69325 1 2700.15 4.16164e+06 1.00006 -8.22026e-12 0 0 1 0 0 0 1 2700.15 4.16164e+06 1.12859e+07 -6.0877e+06 0.213723 0.351011 100 100.001 0 0 
0.69375 1 2700.15 4.16178e+06 1.00006 -6.94794e-12 0 0 1 0 0 0 1 2700.15 4.16178e+06 1.12859e+07 -6.0879e+06 0.180643 0.351024 100 100.001 0 0 
0.69425 1 2700.15 4.16192e+06 1.00006 -5.86257e-12 0 0 1 0 0 0 1 2700.15 4.16192e+06 1.12859e+07 -6.08811e+06 0.152424 0.351037 100 100.001 0 0 
0.69475 1 2700.15 4.16207e+06 1.00006 -4.93837e-12 0 0 1 0 0 0 1 2700.15 4.16207e+06 1.12859e+07 -6.08834e+06 0.128395 0.351051 100 100.001 0 0 
0.69525 1 2700.15 4.16223e+06 1.00006 -4.15283e-12 0 0 1 0 0 0 1 2700.15 4.16223e+06 1.12859e+07 -6.08856e+06 0.107972 0.351065 100 100.001 0 0 
0.69575 1 2700.15 4.16238e+06 1.00006 -3.48634e-12 0 0 1 0 0 0 1 2700.15 4.16238e+06 1.12859e+07 -6.08879e+06 0.0906432 0.351079 100 100.001 0 0 
0.69625 1 2700.15 4.16254e+06 1.00006 -2.92189e-12 0 0 1 0 0 0 1 2700.15 4.16254e+06 1.12859e+07 -6.08902e+06 0.0759678 0.351093 100 100.001 0 0 
0.69675 1 2700.15 4.16269e+06 1.00006 -2.4447e-12 0 0 1 0 0 0 1 2700.15 4.16269e+06 1.12859e+07 -6.08925e+06 0.0635611 0.351105 100 100.001 0 0 
0.69725 1 2700.15 4.16285e+06 1.00006 -2.04201e-12 0 0 1 0 0 0 1 2700.15 4.16285e+06 1.12859e+07 -6.08947e+06 0.0530912 0.351118 100 100.001 0 0 
0.69775 1 2700.15 4.163e+06 1.00006 -1.70278e-12 0 0 1 0 0 0 1 2700.15 4.163e+06 1.12859e+07 -6.0897e+06 0.0442715 0.35113 100 100.001 0 0 
0.69825 1 2700.15 4.16316e+06 1.00006 -1.41753e-12 0 0 1 0 0 0 1 2700.15 4.16316e+06 1.12859e+07 -6.08993e+06 0.0368551 0.351142 100 100.001 0 0 
0.69875 1 2700.15 4.16332e+06 1.00006 -1.17809e-12 0 0 1 0 0 0 1 2700.15 4.16332e+06 1.12859e+07 -6.09017e+06 0.0306297 0.351154 100 100.001 0 0 
0.69925 1 2700.15 4.16349e+06 1.00006 -9.77455e-13 0 0 1 0 0 0 1 2700.15 4.16349e+06 1.12859e+07 -6.09042e+06 0.0254134 0.351167 100 100.001 0 0 
0.69975 1 2700.15 4.16366e+06 1.00006 -8.09638e-13 0 0 1 0 0 0 1 2700.15 4.16366e+06 1.12859e+07 -6.09067e+06 0.0210502 0.35118 100 100.001 0 0 
0.70025 1 2700.15 4.16383e+06 1.00006 -6.69513e-13 0 0 1 0 0 0 1 2700.15 4.16383e+06 1.12859e+07 -6.09092e+06 0.017407 0.351195 100 100.001 0 0 
0.70075 1 2700.15 4.16401e+06 1.00006 -5.52717e-13 0 0 1 0 0 0 1 2700.15 4.16401e+06 1.12859e+07 -6.09118e+06 0.0143704 0.35121 100 100.001 0 0 
0.70125 1 2700.15 4.16418e+06 1.00006 -4.55538e-13 0 0 1 0 0 0 1 2700.15 4.16418e+06 1.12859e+07 -6.09145e+06 0.0118438 0.351225 100 100.001 0 0 
0.70175 1 2700.15 4.16436e+06 1.00006 -3.74818e-13 0 0 1 0 0 0 1 2700.15 4.16436e+06 1.12859e+07 -6.09171e+06 0.00974508 0.351241 100 100.001 0 0 
0.70225 1 2700.15 4.16454e+06 1.00006 -3.07888e-13 0 0 1 0 0 0 1 2700.15 4.16454e+06 1.12859e+07 -6.09197e+06 0.00800493 0.351257 100 100.001 0 0 
0.70275 1 2700.15 4.16471e+06 1.00006 -2.52496e-13 0 0 1 0 0 0 1 2700.15 4.16471e+06 1.12859e+07 -6.09222e+06 0.00656478 0.351273 100 100.001 0 0 
0.70325 1 2700.15 4.16488e+06 1.00006 -2.06719e-13 0 0 1 0 0 0 1 2700.15 4.16488e+06 1.12859e+07 -6.09248e+06 0.00537458 0.351289 100 100.001 0 0 
0.70375 1 2700.15 4.16505e+06 1.00006 -1.68967e-13 0 0 1 0 0 0 1 2700.15 4.16505e+06 1.12859e+07 -6.09273e+06 0.00439306 0.351304 100 100.001 0 0 
0.70425 1 2700.15 4.16522e+06 1.00006 -1.37877e-13 0 0 1 0 0 0 1 2700.15 4.16522e+06 1.12859e+07 -6.09298e+06 0.00358473 0.351319 100 100.001 0 0 
0.70475 1 2700.15 4.1654e+06 1.00006 -1.12319e-13 0 0 1 0 0 0 1 2700.15 4.1654e+06 1.12859e+07 -6.09323e+06 0.00292023 0.351334 100 100.001 0 0 
0.70525 1 2700.15 4.16557e+06 1.00006 -9.13477e-14 0 0 1 0 0 0 1 2700.15 4.16557e+06 1.12859e+07 -6.09349e+06 0.002375 0.35135 100 100.001 0 0 
0.70575 1 2700.15 4.16574e+06 1.00006 -7.41658e-14 0 0 1 0 0 0 1 2700.15 4.16574e+06 1.12859e+07 -6.09375e+06 0.00192828 0.351366 100 100.001 0 0 
0.70625 1 2700.15 4.16592e+06 1.00006 -6.01211e-14 0 0 1 0 0 0 1 2700.15 4.16592e+06 1.12859e+07 -6.09401e+06 0.00156312 0.351382 100 100.001 0 0 
0.70675 1 2700.15 4.1661e+06 1.00006 -4.86547e-14 0 0 1 0 0 0 1 2700.15 4.1661e+06 1.12859e+07 -6.09428e+06 0.001265 0.351398 100 100.001 0 0 
0.70725 1 2700.15 4.16628e+06 1.00006 -3.93051e-14 0 0 1 0 0 0 1 2700.15 4.16628e+06 1.12859e+07 -6.09454e+06 0.00102191 0.351414 100 100.001 0 0 
0.70775 1 2700.15 4.16647e+06 1.00006 -3.17018e-14 0 0 1 0 0 0 1 2700.15 4.16647e+06 1.12859e+07 -6.09481e+06 0.00082423 0.351431 100 100.001 0 0 
0.70825 1 2700.15 4.16665e+06 1.00006 -2.5529e-14 0 0 1 0 0 0 1 2700.15 4.16665e+06 1.12859e+07 -6.09508e+06 0.000663742 0.351447 100 100.001 0 0 
0.70875 1 2700.15 4.16683e+06 1.00006 -2.0521e-14 0 0 1 0 0 0 1 2700.15 4.16683e+06 1.12859e+07 -6.09535e+06 0.000533535 0.351464 100 100.001 0 0 
0.70925 1 2700.15 4.16701e+06 1.00006 -1.6467e-14 0 0 1 0 0 0 1 2700.15 4.16701e+06 1.12859e+07 -6.09561e+06 0.000428135 0.351479 100 100.001 0 0 
0.70975 1 2700.15 4.16719e+06 1.00006 -1.31947e-14 0 0 1 0 0 0 1 2700.15 4.16719e+06 1.12859e+07 -6.09588e+06 0.000343056 0.351495 100 100.001 0 0 
0.71025 1 2700.15 4.16737e+06 1.00006 -1.05515e-14 0 0 1 0 0 0 1 2700.15 4.16737e+06 1.12859e+07 -6.09614e+06 0.000274333 0.35151 100 100.001 0 0 
0.71075 1 2700.15 4.16755e+06 1.00006 -8.42486e-15 0 0 1 0 0 0 1 2700.15 4.16755e+06 1.12859e+07 -6.09641e+06 0.000219042 0.351525 100 100.001 0 0 
0.71125 1 2700.15 4.16774e+06 1.00006 -6.7103e-15 0 0 1 0 0 0 1 2700.15 4.16774e+06 1.12859e+07 -6.09668e+06 0.000174465 0.35154 100 100.001 0 0 
0.71175 1 2700.15 4.16792e+06 1.00006 -5.33896e-15 0 0 1 0 0 0 1 2700.15 4.16792e+06 1.12859e+07 -6.09696e+06 0.00013881 0.351555 100 100.001 0 0 
0.71225 1 2700.15 4.16811e+06 1.00006 -4.23626e-15 0 0 1 0 0 0 1 2700.15 4.16811e+06 1.12859e+07 -6.09723e+06 0.000110141 0.35157 100 100.001 0 0 
0.71275 1 2700.15 4.1683e+06 1.00006 -3.36355e-15 0 0 1 0 0 0 1 2700.15 4.1683e+06 1.12859e+07 -6.09751e+06 8.74507e-05 0.351585 100 100.001 0 0 
0.71325 1 2700.15 4.16849e+06 1.00006 -2.65664e-15 0 0 1 0 0 0 1 2700.15 4.16849e+06 1.12859e+07 -6.09779e+06 6.90714e-05 0.3516 100 100.001 0 0 
0.71375 1 2700.15 4.16868e+06 1.00006 -2.10065e-15 0 0 1 0 0 0 1 2700.15 4.16868e+06 1.12859e+07 -6.09807e+06 5.46158e-05 0.351615 100 100.001 0 0 
0.71425 1 2700.15 4.16887e+06 1.00006 -1.65828e-15 0 0 1 0 0 0 1 2700.15 4.16887e+06 1.12859e+07 -6.09836e+06 4.31146e-05 0.351631 100 100.001 0 0 
0.71475 1 2700.15 4.16906e+06 1.00006 -1.30456e-15 0 0 1 0 0 0 1 2700.15 4.16906e+06 1.12859e+07 -6.09864e+06 3.39179e-05 0.351647 100 100.001 0 0 
0.71525 1 2700.15 4.16925e+06 1.00006 -1.031e-15 0 0 1 0 0 0 1 2700.15 4.16925e+06 1.12859e+07 -6.09892e+06 2.68055e-05 0.351663 100 100.001 0 0 
0.71575 1 2700.15 4.16945e+06 1.00006 -8.10022e-16 0 0 1 0 0 0 1 2700.15 4.16945e+06 1.12859e+07 -6.0992e+06 2.10602e-05 0.351679 100 100.001 0 0 
0.71625 1 2700.15 4.16964e+06 1.00006 -6.37665e-16 0 0 1 0 0 0 1 2700.15 4.16964e+06 1.12859e+07 -6.09949e+06 1.6579e-05 0.351695 100 100.001 0 0 
0.71675 1 2700.15 4.16983e+06 1.00006 -5.03822e-16 0 0 1 0 0 0 1 2700.15 4.16983e+06 1.12859e+07 -6.09977e+06 1.30991e-05 0.351712 100 100.001 0 0 
0.71725 1 2700.15 4.17003e+06 1.00006 -3.947e-16 0 0 1 0 0 0 1 2700.15 4.17003e+06 1.12859e+07 -6.10006e+06 1.0262e-05 0.351729 100 100.001 0 0 
0.71775 1 2700.15 4.17022e+06 1.00006 -3.09614e-16 0 0 1 0 0 0 1 2700.15 4.17022e+06 1.12859e+07 -6.10034e+06 8.04981e-06 0.351746 100 100.001 0 0 
0.71825 1 2700.15 4.17041e+06 1.00006 -2.416e-16 0 0 1 0 0 0 1 2700.15 4.17041e+06 1.12859e+07 -6.10063e+06 6.28148e-06 0.351765 100 100.001 0 0 
0.71875 1 2700.15 4.1706e+06 1.00006 -1.8738e-16 0 0 1 0 0 0 1 2700.15 4.1706e+06 1.12859e+07 -6.10091e+06 4.87179e-06 0.351783 100 100.001 0 0 
0.71925 1 2700.15 4.17079e+06 1.00006 -1.4709e-16 0 0 1 0 0 0 1 2700.15 4.17079e+06 1.12859e+07 -6.10119e+06 3.82428e-06 0.351802 100 100.001 0 0 
0.71975 1 2700.15 4.17098e+06 1.00006 -1.14586e-16 0 0 1 0 0 0 1 2700.15 4.17098e+06 1.12859e+07 -6.10147e+06 2.97918e-06 0.351821 100 100.001 0 0 
0.72025 1 2700.15 4.17117e+06 1.00006 -8.59052e-17 0 0 1 0 0 0 1 2700.15 4.17117e+06 1.12859e+07 -6.10175e+06 2.23349e-06 0.35184 100 100.001 0 0 
0.72075 1 2700.15 4.17137e+06 1.00006 -6.93797e-17 0 0 1 0 0 0 1 2700.15 4.17137e+06 1.12859e+07 -6.10205e+06 1.80384e-06 0.351858 100 100.001 0 0 
0.72125 1 2700.15 4.17158e+06 1.00006 -5.87269e-17 0 0 1 0 0 0 1 2700.15 4.17158e+06 1.12859e+07 -6.10235e+06 1.52687e-06 0.351876 100 100.001 0 0 
0.72175 1 2700.15 4.17179e+06 1.00006 -5.5176e-17 0 0 1 0 0 0 1 2700.15 4.17179e+06 1.12859e+07 -6.10266e+06 1.43455e-06 0.351893 100 100.001 0 0 
0.72225 1 2700.15 4.17201e+06 1.00006 -4.7801e-17 0 0 1 0 0 0 1 2700.15 4.17201e+06 1.12859e+07 -6.10299e+06 1.2428e-06 0.351909 100 100.001 0 0 
0.72275 1 2700.15 4.17224e+06 1.00006 -3.42801e-17 0 0 1 0 0 0 1 2700.15 4.17224e+06 1.12859e+07 -6.10332e+06 8.91267e-07 0.351926 100 100.001 0 0 
0.72325 1 2700.15 4.17246e+06 1.00006 -2.93635e-17 0 0 1 0 0 0 1 2700.15 4.17246e+06 1.12859e+07 -6.10365e+06 7.63436e-07 0.351942 100 100.001 0 0 
0.72375 1 2700.15 4.17268e+06 1.00006 -2.74514e-17 0 0 1 0 0 0 1 2700.15 4.17268e+06 1.12859e+07 -6.10397e+06 7.13724e-07 0.351958 100 100.001 0 0 
0.72425 1 2700.15 4.1729e+06 1.00006 -2.55394e-17 0 0 1 0 0 0 1 2700.15 4.1729e+06 1.12859e+07 -6.1043e+06 6.64012e-07 0.351975 100 100.001 0 0 
0.72475 1 2700.15 4.17311e+06 1.00006 -2.47199e-17 0 0 1 0 0 0 1 2700.15 4.17311e+06 1.12859e+07 -6.10461e+06 6.42706e-07 0.351992 100 100.001 0 0 
0.72525 1 2700.15 4.17332e+06 1.00006 -2.06227e-17 0 0 1 0 0 0 1 2700.15 4.17332e+06 1.12859e+07 -6.10492e+06 5.36181e-07 0.35201 100 100.001 0 0 
0.72575 1 2700.15 4.17352e+06 1.00006 -2.03496e-17 0 0 1 0 0 0 1 2700.15 4.17352e+06 1.12859e+07 -6.10521e+06 5.29079e-07 0.352029 100 100.001 0 0 
0.72625 1 2700.15 4.17372e+06 1.00006 -1.16088e-17 0 0 1 0 0 0 1 2700.15 4.17372e+06 1.12859e+07 -6.1055e+06 3.01823e-07 0.352048 100 100.001 0 0 
0.72675 1 2700.15 4.17391e+06 1.00006 -1.03796e-17 0 0 1 0 0 0 1 2700.15 4.17391e+06 1.12859e+07 -6.10579e+06 2.69866e-07 0.352067 100 100.001 0 0 
0.72725 1 2700.15 4.17411e+06 1.00006 -8.74075e-18 0 0 1 0 0 0 1 2700.15 4.17411e+06 1.12859e+07 -6.10607e+06 2.27255e-07 0.352087 100 100.001 0 0 
0.72775 1 2700.15 4.1743e+06 1.00006 -8.19446e-18 0 0 1 0 0 0 1 2700.15 4.1743e+06 1.12859e+07 -6.10636e+06 2.13052e-07 0.352106 100 100.001 0 0 
0.72825 1 2700.15 4.1745e+06 1.00006 -8.19446e-18 0 0 1 0 0 0 1 2700.15 4.1745e+06 1.12859e+07 -6.10666e+06 2.13052e-07 0.352126 100 100.001 0 0 
0.72875 1 2700.15 4.17471e+06 1.00006 -8.19446e-19 0 0 1 0 0 0 1 2700.15 4.17471e+06 1.12859e+07 -6.10697e+06 2.13052e-08 0.352145 100 100.001 0 0 
0.72925 1 2700.15 4.17493e+06 1.00006 -2.73149e-19 0 0 1 0 0 0 1 2700.15 4.17493e+06 1.12859e+07 -6.10728e+06 7.10173e-09 0.352164 100 100.001 0 0 
0.72975 1 2700.15 4.17515e+06 1.00006 3.41436e-18 0 0 1 0 0 0 1 2700.15 4.17515e+06 1.12859e+07 -6.10761e+06 -8.87716e-08 0.352183 100 100.001 0 0 
0.73025 1 2700.15 4.17538e+06 1.00006 2.18519e-18 0 0 1 0 0 0 1 2700.15 4.17538e+06 1.12859e+07 -6.10795e+06 -5.68138e-08 0.352202 100 100.001 0 0 
0.73075 1 2700.15 4.17562e+06 1.00006 2.59491e-18 0 0 1 0 0 0 1 2700.15 4.17562e+06 1.12859e+07 -6.1083e+06 -6.74664e-08 0.352221 100 100.001 0 0 
0.73125 1 2700.15 4.17586e+06 1.00006 2.18519e-18 0 0 1 0 0 0 1 2700.15 4.17586e+06 1.12859e+07 -6.10866e+06 -5.68138e-08 0.35224 100 100.001 0 0 
0.73175 1 2700.15 4.1761e+06 1.00006 2.86806e-18 0 0 1 0 0 0 1 2700.15 4.1761e+06 1.12859e+07 -6.10902e+06 -7.45682e-08 0.352259 100 100.001 0 0 
0.73225 1 2700.15 4.17635e+06 1.00006 1.77547e-18 0 0 1 0 0 0 1 2700.15 4.17635e+06 1.12859e+07 -6.10938e+06 -4.61612e-08 0.352279 100 100.001 0 0 
0.73275 1 2700.15 4.1766e+06 1.00006 4.09723e-19 0 0 1 0 0 0 1 2700.15 4.1766e+06 1.12859e+07 -6.10975e+06 -1.06526e-08 0.3523 100 100.001 0 0 
0.73325 1 2700.15 4.17685e+06 1.00006 1.09259e-18 0 0 1 0 0 0 1 2700.15 4.17685e+06 1.12859e+07 -6.11012e+06 -2.84069e-08 0.35232 100 100.001 0 0 
0.73375 1 2700.15 4.1771e+06 1.00006 1.09259e-18 0 0 1 0 0 0 1 2700.15 4.1771e+06 1.12859e+07 -6.11049e+06 -2.84069e-08 0.352342 100 100.001 0 0 
0.73425 1 2700.15 4.17735e+06 1.00006 1.09259e-18 0 0 1 0 0 0 1 2700.15 4.17735e+06 1.12859e+07 -6.11086e+06 -2.84069e-08 0.352363 100 100.001 0 0 
0.73475 1 2700.15 4.1776e+06 1.00006 -1.36574e-19 0 0 1 0 0 0 1 2700.15 4.1776e+06 1.12859e+07 -6.11123e+06 3.55087e-09 0.352385 100 100.001 0 0 
0.73525 1 2700.15 4.17786e+06 1.00006 1.22917e-18 0 0 1 0 0 0 1 2700.15 4.17786e+06 1.12859e+07 -6.11161e+06 -3.19578e-08 0.352408 100 100.001 0 0 
0.73575 1 2700.15 4.17812e+06 1.00006 1.36574e-18 0 0 1 0 0 0 1 2700.15 4.17812e+06 1.12859e+07 -6.11199e+06 -3.55086e-08 0.352431 100 100.001 0 0 
0.73625 1 2700.15 4.17838e+06 1.00006 -5.46297e-19 0 0 1 0 0 0 1 2700.15 4.17838e+06 1.12859e+07 -6.11237e+06 1.42035e-08 0.352454 100 100.001 0 0 
0.73675 1 2700.15 4.17864e+06 1.00006 -7.23844e-18 0 0 1 0 0 0 1 2700.15 4.17864e+06 1.12859e+07 -6.11275e+06 1.88196e-07 0.352478 100 100.001 0 0 
0.73725 1 2700.15 4.1789e+06 1.00006 -8.74075e-18 0 0 1 0 0 0 1 2700.15 4.1789e+06 1.12859e+07 -6.11314e+06 2.27255e-07 0.352502 100 100.001 0 0 
0.73775 1 2700.15 4.17916e+06 1.00006 -6.41899e-18 0 0 1 0 0 0 1 2700.15 4.17916e+06 1.12859e+07 -6.11353e+06 1.66891e-07 0.352527 100 100.001 0 0 
0.73825 1 2700.15 4.17943e+06 1.00006 -5.73612e-18 0 0 1 0 0 0 1 2700.15 4.17943e+06 1.12859e+07 -6.11393e+06 1.49136e-07 0.352551 100 100.001 0 0 
0.73875 1 2700.15 4.17971e+06 1.00006 -9.5602e-19 0 0 1 0 0 0 1 2700.15 4.17971e+06 1.12859e+07 -6.11433e+06 2.48561e-08 0.352575 100 100.001 0 0 
0.73925 1 2700.15 4.17999e+06 1.00006 0 0 0 1 0 0 0 1 2700.15 4.17999e+06 1.12859e+07 -6.11475e+06 0 0.3526 100 100.001 0 0 
0.73975 1 2700.15 4.18027e+06 1.00006 5.46297e-19 0 0 1 0 0 0 1 2700.15 4.18027e+06 1.12859e+07 -6.11516e+06 -1.42035e-08 0.352624 100 100.001 0 0 
0.74025 1 2700.15 4.18056e+06 1.00006 4.91667e-18 0 0 1 0 0 0 1 2700.15 4.18056e+06 1.12859e+07 -6.11559e+06 -1.27831e-07 0.352648 100 100.001 0 0 
0.74075 1 2700.15 4.18085e+06 1.00006 6.69214e-18 0 0 1 0 0 0 1 2700.15 4.18085e+06 1.12859e+07 -6.11601e+06 -1.73992e-07 0.352672 100 100.001 0 0 
0.74125 1 2700.15 4.18114e+06 1.00006 4.91667e-18 0 0 1 0 0 0 1 2700.15 4.18114e+06 1.12859e+07 -6.11644e+06 -1.27831e-07 0.352696 100 100.001 0 0 
0.74175 1 2700.15 4.18143e+06 1.00006 6.28242e-18 0 0 1 0 0 0 1 2700.15 4.18143e+06 1.12859e+07 -6.11687e+06 -1.6334e-07 0.35272 100 100.001 0 0 
0.74225 1 2700.15 4.18172e+06 1.00006 5.3264e-18 0 0 1 0 0 0 1 2700.15 4.18172e+06 1.12859e+07 -6.1173e+06 -1.38484e-07 0.352743 100 100.001 0 0 
0.74275 1 2700.15 4.18201e+06 1.00006 5.3264e-18 0 0 1 0 0 0 1 2700.15 4.18201e+06 1.12859e+07 -6.11773e+06 -1.38484e-07 0.352767 100 100.001 0 0 
0.74325 1 2700.15 4.1823e+06 1.00006 3.6875e-18 0 0 1 0 0 0 1 2700.15 4.1823e+06 1.12859e+07 -6.11816e+06 -9.58733e-08 0.352791 100 100.001 0 0 
0.74375 1 2700.15 4.1826e+06 1.00006 3.00463e-18 0 0 1 0 0 0 1 2700.15 4.1826e+06 1.12859e+07 -6.11859e+06 -7.8119e-08 0.352815 100 100.001 0 0 
0.74425 1 2700.15 4.18289e+06 1.00006 9.5602e-19 0 0 1 0 0 0 1 2700.15 4.18289e+06 1.12859e+07 -6.11903e+06 -2.4856e-08 0.352839 100 100.001 0 0 
0.74475 1 2700.15 4.18318e+06 1.00006 1.09259e-18 0 0 1 0 0 0 1 2700.15 4.18318e+06 1.12859e+07 -6.11946e+06 -2.84069e-08 0.352863 100 100.001 0 0 
0.74525 1 2700.15 4.18348e+06 1.00006 1.77547e-18 0 0 1 0 0 0 1 2700.15 4.18348e+06 1.12859e+07 -6.11988e+06 -4.61612e-08 0.352888 100 100.001 0 0 
0.74575 1 2700.15 4.18376e+06 1.00006 3.00463e-18 0 0 1 0 0 0 1 2700.15 4.18376e+06 1.12859e+07 -6.12031e+06 -7.8119e-08 0.352914 100 100.001 0 0 
0.74625 1 2700.15 4.18404e+06 1.00006 2.86806e-18 0 0 1 0 0 0 1 2700.15 4.18404e+06 1.12859e+07 -6.12072e+06 -7.45682e-08 0.352941 100 100.001 0 0 
0.74675 1 2700.15 4.18433e+06 1.00006 3.82408e-18 0 0 1 0 0 0 1 2700.15 4.18433e+06 1.12859e+07 -6.12114e+06 -9.94242e-08 0.352969 100 100.001 0 0 
0.74725 1 2700.15 4.18461e+06 1.00006 3.55093e-18 0 0 1 0 0 0 1 2700.15 4.18461e+06 1.12859e+07 -6.12156e+06 -9.23225e-08 0.352997 100 100.001 0 0 
0.74775 1 2700.15 4.1849e+06 1.00006 2.73148e-18 0 0 1 0 0 0 1 2700.15 4.1849e+06 1.12859e+07 -6.12199e+06 -7.10173e-08 0.353025 100 100.001 0 0 
0.74825 1 2700.15 4.1852e+06 1.00006 3.14121e-18 0 0 1 0 0 0 1 2700.15 4.1852e+06 1.12859e+07 -6.12243e+06 -8.16699e-08 0.353053 100 100.001 0 0 
0.74875 1 2700.15 4.18552e+06 1.00006 3.82408e-18 0 0 1 0 0 0 1 2700.15 4.18552e+06 1.12859e+07 -6.12289e+06 -9.94242e-08 0.353081 100 100.001 0 0 
0.74925 1 2700.15 4.18584e+06 1.00006 8.19446e-18 0 0 1 0 0 0 1 2700.15 4.18584e+06 1.12859e+07 -6.12337e+06 -2.13052e-07 0.353109 100 100.001 0 0 
0.74975 1 2700.15 4.18617e+06 1.00006 1.2838e-17 0 0 1 0 0 0 1 2700.15 4.18617e+06 1.12859e+07 -6.12386e+06 -3.33781e-07 0.353137 100 100.001 0 0 
0.75025 1 2700.15 4.18651e+06 1.00006 1.44769e-17 0 0 1 0 0 0 1 2700.15 4.18651e+06 1.12859e+07 -6.12436e+06 -3.76392e-07 0.353165 100 100.001 0 0 
0.75075 1 2700.15 4.18685e+06 1.00006 1.69352e-17 0 0 1 0 0 0 1 2700.15 4.18685e+06 1.12859e+07 -6.12486e+06 -4.40307e-07 0.353194 100 100.001 0 0 
0.75125 1 2700.15 4.1872e+06 1.00006 1.59792e-17 0 0 1 0 0 0 1 2700.15 4.1872e+06 1.12859e+07 -6.12537e+06 -4.15451e-07 0.353223 100 100.001 0 0 
0.75175 1 2700.15 4.18755e+06 1.00006 1.55695e-17 0 0 1 0 0 0 1 2700.15 4.18755e+06 1.12859e+07 -6.12589e+06 -4.04799e-07 0.353252 100 100.001 0 0 
0.75225 1 2700.15 4.1879e+06 1.00006 1.46134e-17 0 0 1 0 0 0 1 2700.15 4.1879e+06 1.12859e+07 -6.12641e+06 -3.79942e-07 0.353281 100 100.001 0 0 
0.75275 1 2700.15 4.18826e+06 1.00006 1.67986e-17 0 0 1 0 0 0 1 2700.15 4.18826e+06 1.12859e+07 -6.12694e+06 -4.36756e-07 0.353311 100 100.001 0 0 
0.75325 1 2700.15 4.18863e+06 1.00006 1.48866e-17 0 0 1 0 0 0 1 2700.15 4.18863e+06 1.12859e+07 -6.12748e+06 -3.87044e-07 0.35334 100 100.001 0 0 
0.75375 1 2700.15 4.189e+06 1.00006 1.475e-17 0 0 1 0 0 0 1 2700.15 4.189e+06 1.12859e+07 -6.12803e+06 -3.83493e-07 0.35337 100 100.001 0 0 
0.75425 1 2700.15 4.18938e+06 1.00006 1.10625e-17 0 0 1 0 0 0 1 2700.15 4.18938e+06 1.12859e+07 -6.12858e+06 -2.8762e-07 0.353399 100 100.001 0 0 
0.75475 1 2700.15 4.18975e+06 1.00006 1.17454e-17 0 0 1 0 0 0 1 2700.15 4.18975e+06 1.12859e+07 -6.12914e+06 -3.05374e-07 0.353429 100 100.001 0 0 
0.75525 1 2700.15 4.19012e+06 1.00006 1.13357e-17 0 0 1 0 0 0 1 2700.15 4.19012e+06 1.12859e+07 -6.12968e+06 -2.94722e-07 0.35346 100 100.001 0 0 
0.75575 1 2700.15 4.19049e+06 1.00006 1.07894e-17 0 0 1 0 0 0 1 2700.15 4.19049e+06 1.12859e+07 -6.13022e+06 -2.80518e-07 0.353493 100 100.001 0 0 
0.75625 1 2700.15 4.19084e+06 1.00006 1.06528e-17 0 0 1 0 0 0 1 2700.15 4.19084e+06 1.12859e+07 -6.13074e+06 -2.76967e-07 0.353526 100 100.001 0 0 
0.75675 1 2700.15 4.19119e+06 1.00006 1.06528e-17 0 0 1 0 0 0 1 2700.15 4.19119e+06 1.12859e+07 -6.13126e+06 -2.76967e-07 0.35356 100 100.001 0 0 
0.75725 1 2700.15 4.19154e+06 1.00006 1.02431e-17 0 0 1 0 0 0 1 2700.15 4.19154e+06 1.12859e+07 -6.13177e+06 -2.66315e-07 0.353595 100 100.001 0 0 
0.75775 1 2700.15 4.19189e+06 1.00006 1.02431e-17 0 0 1 0 0 0 1 2700.15 4.19189e+06 1.12859e+07 -6.13229e+06 -2.66315e-07 0.35363 100 100.001 0 0 
0.75825 1 2700.15 4.19226e+06 1.00006 9.42362e-18 0 0 1 0 0 0 1 2700.15 4.19226e+06 1.12859e+07 -6.13284e+06 -2.4501e-07 0.353665 100 100.001 0 0 
0.75875 1 2700.15 4.19265e+06 1.00006 1.1882e-17 0 0 1 0 0 0 1 2700.15 4.19265e+06 1.12859e+07 -6.13341e+06 -3.08925e-07 0.353698 100 100.001 0 0 
0.75925 1 2700.15 4.19305e+06 1.00006 1.14722e-17 0 0 1 0 0 0 1 2700.15 4.19305e+06 1.12859e+07 -6.134e+06 -2.98273e-07 0.35373 100 100.001 0 0 
0.75975 1 2700.15 4.19347e+06 1.00006 1.14722e-17 0 0 1 0 0 0 1 2700.15 4.19347e+06 1.12859e+07 -6.13462e+06 -2.98273e-07 0.353762 100 100.001 0 0 
0.76025 1 2700.15 4.19389e+06 1.00006 9.96992e-18 0 0 1 0 0 0 1 2700.15 4.19389e+06 1.12859e+07 -6.13524e+06 -2.59213e-07 0.353794 100 100.001 0 0 
0.76075 1 2700.15 4.19431e+06 1.00006 6.96529e-18 0 0 1 0 0 0 1 2700.15 4.19431e+06 1.12859e+07 -6.13585e+06 -1.81094e-07 0.353827 100 100.001 0 0 
0.76125 1 2700.15 4.19471e+06 1.00006 4.37038e-18 0 0 1 0 0 0 1 2700.15 4.19471e+06 1.12859e+07 -6.13645e+06 -1.13628e-07 0.353861 100 100.001 0 0 
0.76175 1 2700.15 4.19511e+06 1.00006 2.73148e-18 0 0 1 0 0 0 1 2700.15 4.19511e+06 1.12859e+07 -6.13704e+06 -7.10173e-08 0.353897 100 100.001 0 0 
0.76225 1 2700.15 4.19551e+06 1.00006 3.96065e-18 0 0 1 0 0 0 1 2700.15 4.19551e+06 1.12859e+07 -6.13762e+06 -1.02975e-07 0.353934 100 100.001 0 0 
0.76275 1 2700.15 4.19591e+06 1.00006 6.55556e-18 0 0 1 0 0 0 1 2700.15 4.19591e+06 1.12859e+07 -6.13821e+06 -1.70441e-07 0.353971 100 100.001 0 0 
0.76325 1 2700.15 4.19632e+06 1.00006 5.18982e-18 0 0 1 0 0 0 1 2700.15 4.19632e+06 1.12859e+07 -6.13882e+06 -1.34933e-07 0.354009 100 100.001 0 0 
0.76375 1 2700.15 4.19674e+06 1.00006 2.18519e-18 0 0 1 0 0 0 1 2700.15 4.19674e+06 1.12859e+07 -6.13944e+06 -5.68138e-08 0.354046 100 100.001 0 0 
0.76425 1 2700.15 4.19718e+06 1.00006 1.63889e-18 0 0 1 0 0 0 1 2700.15 4.19718e+06 1.12859e+07 -6.14009e+06 -4.26104e-08 0.354084 100 100.001 0 0 
0.76475 1 2700.15 4.19764e+06 1.00006 2.04861e-18 0 0 1 0 0 0 1 2700.15 4.19764e+06 1.12859e+07 -6.14076e+06 -5.3263e-08 0.354121 100 100.001 0 0 
0.76525 1 2700.15 4.1981e+06 1.00006 4.7801e-18 0 0 1 0 0 0 1 2700.15 4.1981e+06 1.12859e+07 -6.14144e+06 -1.2428e-07 0.354159 100 100.001 0 0 
0.76575 1 2700.15 4.19857e+06 1.00006 4.09723e-19 0 0 1 0 0 0 1 2700.15 4.19857e+06 1.12859e+07 -6.14213e+06 -1.06526e-08 0.354198 100 100.001 0 0 
0.76625 1 2700.15 4.19904e+06 1.00006 1.36574e-18 0 0 1 0 0 0 1 2700.15 4.19904e+06 1.12859e+07 -6.14283e+06 -3.55086e-08 0.354238 100 100.001 0 0 
0.76675 1 2700.15 4.19952e+06 1.00006 1.36574e-18 0 0 1 0 0 0 1 2700.15 4.19952e+06 1.12859e+07 -6.14354e+06 -3.55086e-08 0.354279 100 100.001 0 0 
0.76725 1 2700.15 4.20001e+06 1.00006 4.7801e-18 0 0 1 0 0 0 1 2700.15 4.20001e+06 1.12859e+07 -6.14426e+06 -1.2428e-07 0.354321 100 100.001 0 0 
0.76775 1 2700.15 4.20051e+06 1.00006 5.87269e-18 0 0 1 0 0 0 1 2700.15 4.20051e+06 1.12859e+07 -6.14499e+06 -1.52687e-07 0.354363 100 100.001 0 0 
0.76825 1 2700.15 4.20101e+06 1.00006 5.05325e-18 0 0 1 0 0 0 1 2700.15 4.20101e+06 1.12859e+07 -6.14574e+06 -1.31382e-07 0.354406 100 100.001 0 0 
0.76875 1 2700.15 4.20153e+06 1.00006 9.69677e-18 0 0 1 0 0 0 1 2700.15 4.20153e+06 1.12859e+07 -6.14649e+06 -2.52111e-07 0.35445 100 100.001 0 0 
0.76925 1 2700.15 4.20204e+06 1.00006 8.19446e-18 0 0 1 0 0 0 1 2700.15 4.20204e+06 1.12859e+07 -6.14725e+06 -2.13052e-07 0.354495 100 100.001 0 0 
0.76975 1 2700.15 4.20254e+06 1.00006 5.59954e-18 0 0 1 0 0 0 1 2700.15 4.20254e+06 1.12859e+07 -6.14799e+06 -1.45585e-07 0.354542 100 100.001 0 0 
0.77025 1 2700.15 4.20304e+06 1.00006 3.6875e-18 0 0 1 0 0 0 1 2700.15 4.20304e+06 1.12859e+07 -6.14873e+06 -9.58733e-08 0.354591 100 100.001 0 0 
0.77075 1 2700.15 4.20355e+06 1.00006 3.96065e-18 0 0 1 0 0 0 1 2700.15 4.20355e+06 1.12859e+07 -6.14948e+06 -1.02975e-07 0.35464 100 100.001 0 0 
0.77125 1 2700.15 4.20406e+06 1.00006 4.91667e-18 0 0 1 0 0 0 1 2700.15 4.20406e+06 1.12859e+07 -6.15024e+06 -1.27831e-07 0.35469 100 100.001 0 0 
0.77175 1 2700.15 4.2046e+06 1.00006 1.50232e-18 0 0 1 0 0 0 1 2700.15 4.2046e+06 1.12859e+07 -6.15103e+06 -3.90595e-08 0.35474 100 100.001 0 0 
0.77225 1 2700.15 4.20516e+06 1.00006 2.32176e-18 0 0 1 0 0 0 1 2700.15 4.20516e+06 1.12859e+07 -6.15185e+06 -6.03647e-08 0.354788 100 100.001 0 0 
0.77275 1 2700.15 4.20574e+06 1.00006 1.91204e-18 0 0 1 0 0 0 1 2700.15 4.20574e+06 1.12859e+07 -6.15271e+06 -4.97121e-08 0.354835 100 100.001 0 0 
0.77325 1 2700.15 4.20634e+06 1.00006 2.45834e-18 0 0 1 0 0 0 1 2700.15 4.20634e+06 1.12859e+07 -6.1536e+06 -6.39156e-08 0.354882 100 100.001 0 0 
0.77375 1 2700.15 4.20696e+06 1.00006 -1.36574e-19 0 0 1 0 0 0 1 2700.15 4.20696e+06 1.12859e+07 -6.1545e+06 3.55087e-09 0.354929 100 100.001 0 0 
0.77425 1 2700.15 4.20758e+06 1.00006 1.22917e-18 0 0 1 0 0 0 1 2700.15 4.20758e+06 1.12859e+07 -6.15541e+06 -3.19578e-08 0.354976 100 100.001 0 0 
0.77475 1 2700.15 4.2082e+06 1.00006 4.37038e-18 0 0 1 0 0 0 1 2700.15 4.2082e+06 1.12859e+07 -6.15633e+06 -1.13628e-07 0.355024 100 100.001 0 0 
0.77525 1 2700.15 4.20881e+06 1.00006 -2.73149e-19 0 0 1 0 0 0 1 2700.15 4.20881e+06 1.12859e+07 -6.15724e+06 7.10173e-09 0.355073 100 100.001 0 0 
0.77575 1 2700.15 4.20942e+06 1.00006 -6.41899e-18 0 0 1 0 0 0 1 2700.15 4.20942e+06 1.12859e+07 -6.15814e+06 1.66891e-07 0.355124 100 100.001 0 0 
0.77625 1 2700.15 4.21002e+06 1.00006 -3.27778e-18 0 0 1 0 0 0 1 2700.15 4.21002e+06 1.12859e+07 -6.15902e+06 8.52207e-08 0.355177 100 100.001 0 0 
0.77675 1 2700.15 4.21061e+06 1.00006 -1.50232e-18 0 0 1 0 0 0 1 2700.15 4.21061e+06 1.12859e+07 -6.15989e+06 3.90595e-08 0.355233 100 100.001 0 0 
0.77725 1 2700.15 4.2112e+06 1.00006 -8.19446e-19 0 0 1 0 0 0 1 2700.15 4.2112e+06 1.12859e+07 -6.16075e+06 2.13052e-08 0.355289 100 100.001 0 0 
0.77775 1 2700.15 4.21179e+06 1.00006 -5.18982e-18 0 0 1 0 0 0 1 2700.15 4.21179e+06 1.12859e+07 -6.16163e+06 1.34933e-07 0.355346 100 100.001 0 0 
0.77825 1 2700.15 4.21242e+06 1.00006 -5.46297e-18 0 0 1 0 0 0 1 2700.15 4.21242e+06 1.12859e+07 -6.16255e+06 1.42035e-07 0.355403 100 100.001 0 0 
0.77875 1 2700.15 4.21307e+06 1.00006 -8.87733e-18 0 0 1 0 0 0 1 2700.15 4.21307e+06 1.12859e+07 -6.16351e+06 2.30806e-07 0.355458 100 100.001 0 0 
0.77925 1 2700.15 4.21375e+06 1.00006 -8.19446e-18 0 0 1 0 0 0 1 2700.15 4.21375e+06 1.12859e+07 -6.16451e+06 2.13052e-07 0.355512 100 100.001 0 0 
0.77975 1 2700.15 4.21444e+06 1.00006 -8.19446e-18 0 0 1 0 0 0 1 2700.15 4.21444e+06 1.12859e+07 -6.16554e+06 2.13052e-07 0.355566 100 100.001 0 0 
0.78025 1 2700.15 4.21514e+06 1.00006 -9.69677e-18 0 0 1 0 0 0 1 2700.15 4.21514e+06 1.12859e+07 -6.16657e+06 2.52111e-07 0.355623 100 100.001 0 0 
0.78075 1 2700.15 4.21582e+06 1.00006 -6.28242e-18 0 0 1 0 0 0 1 2700.15 4.21582e+06 1.12859e+07 -6.16757e+06 1.6334e-07 0.355682 100 100.001 0 0 
0.78125 1 2700.15 4.21649e+06 1.00006 -6.82871e-18 0 0 1 0 0 0 1 2700.15 4.21649e+06 1.12859e+07 -6.16855e+06 1.77543e-07 0.355745 100 100.001 0 0 
0.78175 1 2700.15 4.21714e+06 1.00006 -3.55093e-18 0 0 1 0 0 0 1 2700.15 4.21714e+06 1.12859e+07 -6.16952e+06 9.23225e-08 0.35581 100 100.001 0 0 
0.78225 1 2700.15 4.21781e+06 1.00006 -4.09723e-19 0 0 1 0 0 0 1 2700.15 4.21781e+06 1.12859e+07 -6.1705e+06 1.06526e-08 0.355878 100 100.001 0 0 
0.78275 1 2700.15 4.21851e+06 1.00006 4.37038e-18 0 0 1 0 0 0 1 2700.15 4.21851e+06 1.12859e+07 -6.17153e+06 -1.13628e-07 0.355945 100 100.001 0 0 
0.78325 1 2700.15 4.21925e+06 1.00006 5.59954e-18 0 0 1 0 0 0 1 2700.15 4.21925e+06 1.12859e+07 -6.17262e+06 -1.45585e-07 0.356011 100 100.001 0 0 
0.78375 1 2700.15 4.22004e+06 1.00006 3.96065e-18 0 0 1 0 0 0 1 2700.15 4.22004e+06 1.12859e+07 -6.17378e+06 -1.02975e-07 0.356076 100 100.001 0 0 
0.78425 1 2700.15 4.22087e+06 1.00006 1.50232e-18 0 0 1 0 0 0 1 2700.15 4.22087e+06 1.12859e+07 -6.17501e+06 -3.90595e-08 0.35614 100 100.001 0 0 
0.78475 1 2700.15 4.22173e+06 1.00006 2.59491e-18 0 0 1 0 0 0 1 2700.15 4.22173e+06 1.12859e+07 -6.17628e+06 -6.74664e-08 0.356204 100 100.001 0 0 
0.78525 1 2700.15 4.2226e+06 1.00006 3.41436e-18 0 0 1 0 0 0 1 2700.15 4.2226e+06 1.12859e+07 -6.17757e+06 -8.87716e-08 0.356271 100 100.001 0 0 
0.78575 1 2700.15 4.22347e+06 1.00006 -1.36574e-18 0 0 1 0 0 0 1 2700.15 4.22347e+06 1.12859e+07 -6.17885e+06 3.55086e-08 0.356341 100 100.001 0 0 
0.78625 1 2700.15 4.22432e+06 1.00006 -1.63889e-18 0 0 1 0 0 0 1 2700.15 4.22432e+06 1.12859e+07 -6.1801e+06 4.26104e-08 0.356416 100 100.001 0 0 
0.78675 1 2700.15 4.22515e+06 1.00006 1.09259e-18 0 0 1 0 0 0 1 2700.15 4.22515e+06 1.12859e+07 -6.18132e+06 -2.84069e-08 0.356496 100 100.001 0 0 
0.78725 1 2700.15 4.22598e+06 1.00006 9.5602e-19 0 0 1 0 0 0 1 2700.15 4.22598e+06 1.12859e+07 -6.18254e+06 -2.4856e-08 0.35658 100 100.001 0 0 
0.78775 1 2700.15 4.22683e+06 1.00006 -1.91204e-18 0 0 1 0 0 0 1 2700.15 4.22683e+06 1.12859e+07 -6.1838e+06 4.97121e-08 0.356666 100 100.001 0 0 
0.78825 1 2700.15 4.22774e+06 1.00006 -3.27778e-18 0 0 1 0 0 0 1 2700.15 4.22774e+06 1.12859e+07 -6.18513e+06 8.52207e-08 0.35675 100 100.001 0 0 
0.78875 1 2700.15 4.22871e+06 1.00006 0 0 0 1 0 0 0 1 2700.15 4.22871e+06 1.12859e+07 -6.18657e+06 0 0.356832 100 100.001 0 0 
0.78925 1 2700.15 4.22975e+06 1.00006 5.87269e-18 0 0 1 0 0 0 1 2700.15 4.22975e+06 1.12859e+07 -6.18811e+06 -1.52687e-07 0.356912 100 100.001 0 0 
0.78975 1 2700.15 4.23084e+06 1.00006 7.23844e-18 0 0 1 0 0 0 1 2700.15 4.23084e+06 1.12859e+07 -6.18971e+06 -1.88196e-07 0.356992 100 100.001 0 0 
0.79025 1 2700.15 4.23194e+06 1.00006 7.78473e-18 0 0 1 0 0 0 1 2700.15 4.23194e+06 1.12859e+07 -6.19133e+06 -2.02399e-07 0.357075 100 100.001 0 0 
0.79075 1 2700.15 4.23303e+06 1.00006 7.64816e-18 0 0 1 0 0 0 1 2700.15 4.23303e+06 1.12859e+07 -6.19294e+06 -1.98848e-07 0.357162 100 100.001 0 0 
0.79125 1 2700.15 4.23409e+06 1.00006 6.69214e-18 0 0 1 0 0 0 1 2700.15 4.23409e+06 1.12859e+07 -6.19451e+06 -1.73992e-07 0.357256 100 100.001 0 0 
0.79175 1 2700.15 4.23514e+06 1.00006 7.23844e-18 0 0 1 0 0 0 1 2700.15 4.23514e+06 1.12859e+07 -6.19604e+06 -1.88196e-07 0.357356 100 100.001 0 0 
0.79225 1 2700.15 4.23619e+06 1.00006 8.19446e-18 0 0 1 0 0 0 1 2700.15 4.23619e+06 1.12859e+07 -6.19759e+06 -2.13052e-07 0.35746 100 100.001 0 0 
0.79275 1 2700.15 4.23728e+06 1.00006 8.60418e-18 0 0 1 0 0 0 1 2700.15 4.23728e+06 1.12859e+07 -6.1992e+06 -2.23704e-07 0.357566 100 100.001 0 0 
0.79325 1 2700.15 4.23843e+06 1.00006 1.1882e-17 0 0 1 0 0 0 1 2700.15 4.23843e+06 1.12859e+07 -6.2009e+06 -3.08925e-07 0.357672 100 100.001 0 0 
0.79375 1 2700.15 4.23966e+06 1.00006 1.25648e-17 0 0 1 0 0 0 1 2700.15 4.23966e+06 1.12859e+07 -6.20272e+06 -3.26679e-07 0.357778 100 100.001 0 0 
0.79425 1 2700.15 4.24097e+06 1.00006 8.87733e-18 0 0 1 0 0 0 1 2700.15 4.24097e+06 1.12859e+07 -6.20465e+06 -2.30806e-07 0.357883 100 100.001 0 0 
0.79475 1 2700.15 4.24234e+06 1.00006 7.51158e-18 0 0 1 0 0 0 1 2700.15 4.24234e+06 1.12859e+07 -6.20666e+06 -1.95297e-07 0.357991 100 100.001 0 0 
0.79525 1 2700.15 4.24375e+06 1.00006 9.28705e-18 0 0 1 0 0 0 1 2700.15 4.24375e+06 1.12859e+07 -6.20874e+06 -2.41459e-07 0.358103 100 100.001 0 0 
0.79575 1 2700.15 4.24521e+06 1.00006 6.41899e-18 0 0 1 0 0 0 1 2700.15 4.24521e+06 1.12859e+07 -6.2109e+06 -1.66891e-07 0.358219 100 100.001 0 0 
0.79625 1 2700.15 4.24672e+06 1.00006 2.59491e-18 0 0 1 0 0 0 1 2700.15 4.24672e+06 1.12859e+07 -6.21311e+06 -6.74664e-08 0.358341 100 100.001 0 0 
0.79675 1 2700.15 4.24826e+06 1.00006 2.73148e-19 0 0 1 0 0 0 1 2700.15 4.24826e+06 1.12859e+07 -6.21539e+06 -7.10173e-09 0.358471 100 100.001 0 0 
0.79725 1 2700.15 4.24983e+06 1.00006 2.04861e-18 0 0 1 0 0 0 1 2700.15 4.24983e+06 1.12859e+07 -6.2177e+06 -5.32629e-08 0.358611 100 100.001 0 0 
0.79775 1 2700.15 4.25141e+06 1.00006 3.14121e-18 0 0 1 0 0 0 1 2700.15 4.25141e+06 1.12859e+07 -6.22003e+06 -8.16699e-08 0.358763 100 100.001 0 0 
0.79825 1 2700.15 4.25303e+06 1.00006 4.37038e-18 0 0 1 0 0 0 1 2700.15 4.25303e+06 1.12859e+07 -6.22242e+06 -1.13628e-07 0.358927 100 100.001 0 0 
0.79875 1 2700.15 4.25476e+06 1.00006 4.2338e-18 0 0 1 0 0 0 1 2700.15 4.25476e+06 1.12859e+07 -6.22497e+06 -1.10077e-07 0.3591 100 100.001 0 0 
0.79925 1 2700.15 4.25669e+06 1.00006 1.22917e-18 0 0 1 0 0 0 1 2700.15 4.25669e+06 1.12859e+07 -6.22782e+06 -3.19578e-08 0.359276 100 100.001 0 0 
0.79975 1 2700.15 4.25889e+06 1.00006 -1.50232e-18 0 0 1 0 0 0 1 2700.15 4.25889e+06 1.12859e+07 -6.23105e+06 3.90595e-08 0.359454 100 100.001 0 0 
0.80025 1 2700.15 4.26133e+06 1.00006 -9.5602e-19 0 0 1 0 0 0 1 2700.15 4.26133e+06 1.12859e+07 -6.23466e+06 2.4856e-08 0.359637 100 100.001 0 0 
0.80075 1 2700.15 4.26397e+06 1.00006 2.45834e-18 0 0 1 0 0 0 1 2700.15 4.26397e+06 1.12859e+07 -6.23855e+06 -6.39155e-08 0.359836 100 100.001 0 0 
0.80125 1 2700.15 4.26674e+06 1.00006 3.14121e-18 0 0 1 0 0 0 1 2700.15 4.26674e+06 1.12859e+07 -6.24263e+06 -8.16699e-08 0.36006 100 100.001 0 0 
0.80175 1 2700.15 4.26961e+06 1.00006 6.00927e-18 0 0 1 0 0 0 1 2700.15 4.26961e+06 1.12859e+07 -6.24686e+06 -1.56238e-07 0.360318 100 100.001 0 0 
0.80225 1 2700.15 4.27265e+06 1.00006 7.51158e-18 0 0 1 0 0 0 1 2700.15 4.27265e+06 1.12859e+07 -6.25135e+06 -1.95297e-07 0.360611 100 100.001 0 0 
0.80275 1 2700.15 4.276e+06 1.00006 6.41899e-18 0 0 1 0 0 0 1 2700.15 4.276e+06 1.12859e+07 -6.25628e+06 -1.66891e-07 0.360936 100 100.001 0 0 
0.80325 1 2700.15 4.27979e+06 1.00006 5.59954e-18 0 0 1 0 0 0 1 2700.15 4.27979e+06 1.12859e+07 -6.26187e+06 -1.45585e-07 0.361289 100 100.001 0 0 
0.80375 1 2700.15 4.28413e+06 1.00006 2.73149e-18 0 0 1 0 0 0 1 2700.15 4.28413e+06 1.12859e+07 -6.26827e+06 -7.10173e-08 0.361668 100 100.001 0 0 
0.80425 1 2700.15 4.28908e+06 1.00006 3.00463e-18 0 0 1 0 0 0 1 2700.15 4.28908e+06 1.12859e+07 -6.27557e+06 -7.8119e-08 0.362078 100 100.001 0 0 
0.80475 1 2700.15 4.2946e+06 1.00006 3.41436e-18 0 0 1 0 0 0 1 2700.15 4.2946e+06 1.12859e+07 -6.2837e+06 -8.87716e-08 0.36253 100 100.001 0 0 
0.80525 1 2700.16 4.30062e+06 1.00006 4.37038e-18 0 0 1 0 0 0 1 2700.16 4.30062e+06 1.12859e+07 -6.29258e+06 -1.13628e-07 0.363036 100 100.001 0 0 
0.80575 1 2700.16 4.30715e+06 1.00006 4.7801e-18 0 0 1 0 0 0 1 2700.16 4.30715e+06 1.12859e+07 -6.3022e+06 -1.2428e-07 0.363601 100 100.001 0 0 
0.80625 1 2700.16 4.31426e+06 1.00006 2.32176e-18 0 0 1 0 0 0 1 2700.16 4.31426e+06 1.12859e+07 -6.31268e+06 -6.03647e-08 0.364221 100 100.001 0 0 
0.80675 1 2700.16 4.32202e+06 1.00006 2.73149e-19 0 0 1 0 0 0 1 2700.16 4.32202e+06 1.12859e+07 -6.32412e+06 -7.10173e-09 0.364888 100 100.001 0 0 
0.80725 1 2700.16 4.33037e+06 1.00006 -2.73148e-19 0 0 1 0 0 0 1 2700.16 4.33037e+06 1.12859e+07 -6.33644e+06 7.10172e-09 0.365598 100 100.001 0 0 
0.80775 1 2700.16 4.3391e+06 1.00006 -2.45834e-18 0 0 1 0 0 0 1 2700.16 4.3391e+06 1.12859e+07 -6.34931e+06 6.39155e-08 0.366352 100 100.001 0 0 
0.80825 1 2700.16 4.34796e+06 1.00006 4.09723e-19 0 0 1 0 0 0 1 2700.16 4.34796e+06 1.12859e+07 -6.36237e+06 -1.06526e-08 0.367142 100 100.001 0 0 
0.80875 1 2700.16 4.35672e+06 1.00006 1.77547e-18 0 0 1 0 0 0 1 2700.16 4.35672e+06 1.12859e+07 -6.37528e+06 -4.61612e-08 0.367944 100 100.001 0 0 
0.80925 1 2700.16 4.36504e+06 1.00006 3.00463e-18 0 0 1 0 0 0 1 2700.16 4.36504e+06 1.12859e+07 -6.38754e+06 -7.8119e-08 0.368695 100 100.001 0 0 
0.80975 1 2700.16 4.37209e+06 1.00006 -2.59491e-18 0 0 1 0 0 0 1 2700.16 4.37209e+06 1.12859e+07 -6.39794e+06 6.74664e-08 0.369279 100 100.001 0 0 
0.81025 1 2700.16 4.3757e+06 1.00006 -4.09723e-18 0 0 1 0 0 0 1 2700.16 4.3757e+06 1.12859e+07 -6.40325e+06 1.06526e-07 0.369519 100 100.001 0 0 
0.81075 1 2700.16 4.37661e+06 1.00006 -9.0139e-18 0 0 1 0 0 0 1 2700.16 4.37661e+06 1.12859e+07 -6.40459e+06 2.34357e-07 0.369531 100 100.001 0 0 
0.81125 1 2700.16 4.37609e+06 1.00006 -8.74075e-18 0 0 1 0 0 0 1 2700.16 4.37609e+06 1.12859e+07 -6.40383e+06 2.27255e-07 0.369439 100 100.001 0 0 
0.81175 1 2700.16 4.37335e+06 1.00006 -8.19446e-18 0 0 1 0 0 0 1 2700.16 4.37335e+06 1.12859e+07 -6.3998e+06 2.13052e-07 0.369213 100 100.001 0 0 
0.81225 1 2700.16 4.36739e+06 1.00006 -7.64816e-18 0 0 1 0 0 0 1 2700.16 4.36739e+06 1.12859e+07 -6.39101e+06 1.98848e-07 0.368709 100 100.001 0 0 
0.81275 1 2700.16 4.35685e+06 1.00006 -8.33103e-18 0 0 1 0 0 0 1 2700.16 4.35685e+06 1.12859e+07 -6.37547e+06 2.16603e-07 0.367787 100 100.001 0 0 
0.81325 1 2700.16 4.34017e+06 1.00006 -8.74075e-18 0 0 1 0 0 0 1 2700.16 4.34017e+06 1.12859e+07 -6.35089e+06 2.27255e-07 0.366393 100 100.001 0 0 
0.81375 1 2700.16 4.31711e+06 1.00006 -1.36574e-19 0 0 1 0 0 0 1 2700.16 4.31711e+06 1.12859e+07 -6.31688e+06 3.55086e-09 0.364313 100 100.001 0 0 
0.81425 1 2700.15 4.28431e+06 1.00006 -1.36574e-19 0 0 1 0 0 0 1 2700.15 4.28431e+06 1.12859e+07 -6.26853e+06 3.55086e-09 0.36108 100 100.001 0 0 
0.81475 1 2700.15 4.18455e+06 1.00006 1.36574e-19 0 0 1 0 0 0 1 2700.15 4.18455e+06 1.12859e+07 -6.12147e+06 -3.55086e-09 0.352684 100 100.001 0 0.1 
0.815125 1 2700.14 3.98751e+06 1.00005 -2.18519e-18 0 0 1 0 0 0 1 2700.14 3.98751e+06 1.12859e+07 -5.831e+06 5.68139e-08 0.335358 100 100.001 1 0 
0.815375 1 2700.14 3.91664e+06 1.00005 -3.27778e-18 0 0 1 0 0 0 1 2700.14 3.91664e+06 1.12859e+07 -5.72652e+06 8.52209e-08 0.32923 100 100.001 1 0 
0.815625 1 2700.14 3.82766e+06 1.00005 -2.45834e-18 0 0 1 0 0 0 1 2700.14 3.82766e+06 1.12859e+07 -5.59535e+06 6.39157e-08 0.321228 100 100.001 1 0 
0.815875 1 2700.13 3.7135e+06 1.00005 -6.28242e-18 0 0 1 0 0 0 1 2700.13 3.7135e+06 1.12859e+07 -5.42705e+06 1.6334e-07 0.311607 100 100 1 0.1 
0.816063 1 2700.12 3.479e+06 1.00005 -6.55556e-18 0 0 1 0 0 0 1 2700.12 3.479e+06 1.12859e+07 -5.08137e+06 1.70442e-07 0.29139 100 100 2 0 
0.816187 1 2700.12 3.37156e+06 1.00004 -8.74075e-18 0 0 1 0 0 0 1 2700.12 3.37156e+06 1.12859e+07 -4.92297e+06 2.27256e-07 0.282205 100 100 2 0 
0.816313 1 2700.12 3.25062e+06 1.00004 -7.10186e-18 0 0 1 0 0 0 1 2700.12 3.25062e+06 1.12859e+07 -4.74469e+06 1.84646e-07 0.271563 100 100 2 0 
0.816438 1 2700.11 3.1339e+06 1.00004 -6.55556e-18 0 0 1 0 0 0 1 2700.11 3.1339e+06 1.12859e+07 -4.57262e+06 1.70442e-07 0.261541 100 100 2 0 
0.816562 1 2700.11 3.00403e+06 1.00004 -4.37038e-18 0 0 1 0 0 0 1 2700.11 3.00403e+06 1.12859e+07 -4.38116e+06 1.13628e-07 0.250241 100 100 2 0 
0.816687 1 2700.1 2.87403e+06 1.00004 -6.55556e-18 0 0 1 0 0 0 1 2700.1 2.87403e+06 1.12859e+07 -4.18952e+06 1.70443e-07 0.238841 100 100 2 0 
0.816813 1 2700.1 2.73662e+06 1.00004 -6.55556e-18 0 0 1 0 0 0 1 2700.1 2.73662e+06 1.12859e+07 -3.98695e+06 1.70443e-07 0.227392 100 100 2 0.1 
0.816906 1 2700.09 2.54146e+06 1.00003 1.09259e-18 0 0 1 0 0 0 1 2700.09 2.54146e+06 1.12859e+07 -3.69925e+06 -2.84071e-08 0.210492 100 100 3 0 
0.816969 1 2700.09 2.4716e+06 1.00003 1.09259e-18 0 0 1 0 0 0 1 2700.09 2.4716e+06 1.12859e+07 -3.59625e+06 -2.84071e-08 0.204614 100 100 3 0 
0.817031 1 2700.08 2.40082e+06 1.00003 0 0 0 1 0 0 0 1 2700.08 2.40082e+06 1.12859e+07 -3.49191e+06 0 0.198374 100 100 3 0 
0.817094 1 2700.08 2.33072e+06 1.00003 -3.27778e-18 0 0 1 0 0 0 1 2700.08 2.33072e+06 1.12859e+07 -3.38858e+06 8.52215e-08 0.192291 100 100 3 0 
0.817156 1 2700.08 2.24378e+06 1.00003 -4.37038e-18 0 0 1 0 0 0 1 2700.08 2.24378e+06 1.12859e+07 -3.26041e+06 1.13629e-07 0.184723 100 100 3 0 
0.817219 1 2700.08 2.14333e+06 1.00003 -4.37038e-18 0 0 1 0 0 0 1 2700.08 2.14333e+06 1.12859e+07 -3.11232e+06 1.13629e-07 0.176052 100 100 3 0 
0.817281 1 2700.07 2.03982e+06 1.00003 -5.46297e-18 0 0 1 0 0 0 1 2700.07 2.03982e+06 1.12859e+07 -2.95972e+06 1.42036e-07 0.167125 100 100 3 0 
0.817344 1 2700.07 1.94268e+06 1.00003 -4.37038e-18 0 0 1 0 0 0 1 2700.07 1.94268e+06 1.12859e+07 -2.81652e+06 1.13629e-07 0.158763 100 100 3 0 
0.817406 1 2700.06 1.85264e+06 1.00002 1.09259e-18 0 0 1 0 0 0 1 2700.06 1.85264e+06 1.12859e+07 -2.68378e+06 -2.84072e-08 0.151006 100 100 3 0 
0.817469 1 2700.06 1.76738e+06 1.00002 0 0 0 1 0 0 0 1 2700.06 1.76738e+06 1.12859e+07 -2.55809e+06 0 0.143652 100 100 3 0 
0.817531 1 2700.06 1.68431e+06 1.00002 -1.09259e-18 0 0 1 0 0 0 1 2700.06 1.68431e+06 1.12859e+07 -2.43563e+06 2.84072e-08 0.13648 100 100 3 0 
0.817594 1 2700.06 1.60245e+06 1.00002 -1.09259e-18 0 0 1 0 0 0 1 2700.06 1.60245e+06 1.12859e+07 -2.31495e+06 2.84072e-08 0.129409 100 100 3 0 
0.817656 1 2700.05 1.52214e+06 1.00002 0 0 0 1 0 0 0 1 2700.05 1.52214e+06 1.12859e+07 -2.19655e+06 0 0.122475 100 100 3 0 
0.817719 1 2700.05 1.44411e+06 1.00002 1.09259e-18 0 0 1 0 0 0 1 2700.05 1.44411e+06 1.12859e+07 -2.08152e+06 -2.84073e-08 0.115744 100 100 3 0 
0.817781 1 2700.05 1.36882e+06 1.00002 1.09259e-18 0 0 1 0 0 0 1 2700.05 1.36882e+06 1.12859e+07 -1.97053e+06 -2.84073e-08 0.109256 100 100 3 0 
0.817844 1 2700.04 1.29636e+06 1.00002 0 0 0 1 0 0 0 1 2700.04 1.29636e+06 1.12859e+07 -1.8637e+06 0 0.103017 100 100 3 0 
0.817906 1 2700.04 1.22661e+06 1.00002 0 0 0 1 0 0 0 1 2700.04 1.22661e+06 1.12859e+07 -1.76087e+06 0 0.0970127 100 100 3 0 
0.817969 1 2700.04 1.15947e+06 1.00001 0 0 0 1 0 0 0 1 2700.04 1.15947e+06 1.12859e+07 -1.6619e+06 0 0.0912299 100 100 3 0 
0.818031 1 2700.04 1.09492e+06 1.00001 1.09259e-18 0 0 1 0 0 0 1 2700.04 1.09492e+06 1.12859e+07 -1.56674e+06 -2.84073e-08 0.0856631 100 100 3 0 
0.818094 1 2700.03 1.03296e+06 1.00001 0 0 0 1 0 0 0 1 2700.03 1.03296e+06 1.12859e+07 -1.4754e+06 0 0.0803134 100 100 3 0 
0.818156 1 2700.03 973587 1.00001 -1.09259e-18 0 0 1 0 0 0 1 2700.03 973587 1.12859e+07 -1.38787e+06 2.84073e-08 0.0751837 100 100 3 0 
0.818219 1 2700.03 916759 1.00001 0 0 0 1 0 0 0 1 2700.03 916759 1.12859e+07 -1.30409e+06 0 0.0702761 100 100 3 0 
0.818281 1 2700.03 862422 1.00001 -3.27778e-18 0 0 1 0 0 0 1 2700.03 862422 1.12859e+07 -1.22398e+06 8.5222e-08 0.0655903 100 100 3 0 
0.818344 1 2700.03 810525 1.00001 -4.37038e-18 0 0 1 0 0 0 1 2700.03 810525 1.12859e+07 -1.14748e+06 1.13629e-07 0.0611237 100 100 3 0 
0.818406 1 2700.02 761036 1.00001 -2.18519e-18 0 0 1 0 0 0 1 2700.02 761036 1.12859e+07 -1.07452e+06 5.68147e-08 0.0568717 100 100 3 0 
0.818469 1 2700.02 713943 1.00001 0 0 0 1 0 0 0 1 2700.02 713943 1.12859e+07 -1.00509e+06 0 0.0528284 100 100 3 0 
0.818531 1 2700.02 669245 1.00001 3.27778e-18 0 0 1 0 0 0 1 2700.02 669245 1.12859e+07 -939198 -8.52221e-08 0.0489868 100 100 3 0 
0.818594 1 2700.02 626920 1.00001 5.46297e-18 0 0 1 0 0 0 1 2700.02 626920 1.12859e+07 -876801 -1.42037e-07 0.0453408 100 100 3 0 
0.818656 1 2700.02 586913 1.00001 6.55556e-18 0 0 1 0 0 0 1 2700.02 586913 1.12859e+07 -817822 -1.70444e-07 0.041886 100 100 3 0 
0.818719 1 2700.02 549135 1.00001 6.55556e-18 0 0 1 0 0 0 1 2700.02 549135 1.12859e+07 -762128 -1.70444e-07 0.0386202 100 100 3 0 
0.818781 1 2700.02 513483 1.00001 6.55556e-18 0 0 1 0 0 0 1 2700.02 513483 1.12859e+07 -709570 -1.70444e-07 0.0355415 100 100 3 0 
0.818844 1 2700.01 479869 1.00001 7.64816e-18 0 0 1 0 0 0 1 2700.01 479869 1.12859e+07 -660015 -1.98852e-07 0.0326464 100 100 3 0 
0.818906 1 2700.01 448228 1 4.37038e-18 0 0 1 0 0 0 1 2700.01 448228 1.12859e+07 -613368 -1.1363e-07 0.0299291 100 100 3 0 
0.818969 1 2700.01 418516 1 3.27778e-18 0 0 1 0 0 0 1 2700.01 418516 1.12859e+07 -569567 -8.52222e-08 0.0273815 100 100 3 0 
0.819031 1 2700.01 390706 1 1.09259e-18 0 0 1 0 0 0 1 2700.01 390706 1.12859e+07 -528569 -2.84074e-08 0.0249939 100 100 3 0 
0.819094 1 2700.01 364759 1 0 0 0 1 0 0 0 1 2700.01 364759 1.12859e+07 -490316 0 0.0227569 100 100 3 0 
0.819156 1 2700.01 340594 1 0 0 0 1 0 0 0 1 2700.01 340594 1.12859e+07 -454691 0 0.0206644 100 100 3 0 
0.819219 1 2700.01 318084 1 2.18519e-18 0 0 1 0 0 0 1 2700.01 318084 1.12859e+07 -421506 -5.68148e-08 0.0187144 100 100 3 0 
0.819281 1 2700.01 297096 1 2.18519e-18 0 0 1 0 0 0 1 2700.01 297096 1.12859e+07 -390566 -5.68148e-08 0.0169048 100 100 3 0 
0.819344 1 2700.01 277545 1 3.27778e-18 0 0 1 0 0 0 1 2700.01 277545 1.12859e+07 -361743 -8.52223e-08 0.0152301 100 100 3 0 
0.819406 1 2700.01 259380 1 3.27778e-18 0 0 1 0 0 0 1 2700.01 259380 1.12859e+07 -334963 -8.52223e-08 0.0136809 100 100 3 0 
0.819469 1 2700.01 242547 1 2.18519e-18 0 0 1 0 0 0 1 2700.01 242547 1.12859e+07 -310147 -5.68149e-08 0.0122497 100 100 3 0 
0.819531 1 2700 226979 1 0 0 0 1 0 0 0 1 2700 226979 1.12859e+07 -287197 0 0.0109278 100 100 3 0 
0.819594 1 2700 212709 1 0 0 0 1 0 0 0 1 2700 212709 1.12859e+07 -266160 0 0.00970618 100 100 3 0 
0.819656 1 2700 199691 1 -3.27778e-18 0 0 1 0 0 0 1 2700 199691 1.12859e+07 -246968 8.52223e-08 0.00856768 100 100 3 0 
0.819719 1 2700 187871 1 -4.37038e-18 0 0 1 0 0 0 1 2700 187871 1.12859e+07 -229542 1.1363e-07 0.00751649 100 100 3 0 
0.819781 1 2700 176726 1 -5.46297e-18 0 0 1 0 0 0 1 2700 176726 1.12859e+07 -213111 1.42037e-07 0.00654521 100 100 3 0 
0.819844 1 2700 166540 1 -6.55556e-18 0 0 1 0 0 0 1 2700 166540 1.12859e+07 -198095 1.70445e-07 0.0056789 100 100 3 0 
0.819906 1 2700 156351 1 -2.18519e-18 0 0 1 0 0 0 1 2700 156351 1.12859e+07 -183075 5.68149e-08 0.00485685 100 100 3 0 
0.819969 1 2700 149431 1 -1.09259e-18 0 0 1 0 0 0 1 2700 149431 1.12859e+07 -172873 2.84074e-08 0.00424441 100 100 3 0 
0.820063 1 2700 142102 1 -3.27778e-18 0 0 1 0 0 0 1 2700 142102 1.12859e+07 -162069 8.52223e-08 0.00362908 100 100 2 0.1 
0.820187 1 2700 135598 1 -3.27778e-18 0 0 1 0 0 0 1 2700 135598 1.12859e+07 -152479 8.52223e-08 0.00304312 100 100 2 0 
0.820375 1 2700 129302 1 -3.27778e-18 0 0 1 0 0 0 1 2700 129302 1.12859e+07 -143198 8.52223e-08 0.00250463 100 100 1 0.1 
0.820625 1 2700 122736 1 -1.09259e-18 0 0 1 0 0 0 1 2700 122736 1.12859e+07 -133518 2.84074e-08 0.00196005 100 100 1 0 
0.820875 1 2700 118350 1 -2.18519e-18 0 0 1 0 0 0 1 2700 118350 1.12859e+07 -127052 5.68149e-08 0.00157346 100 100 1 0 
0.82125 1 2700 115013 1 -1.09259e-18 0 0 1 0 0 0 1 2700 115013 1.12859e+07 -122133 2.84074e-08 0.00127866 100 100 0 0.1 
0.82175 1 2700 111259 1 2.18519e-18 0 0 1 0 0 0 1 2700 111259 1.12859e+07 -116598 -5.68149e-08 0.00095551 100 100 0 0 
0.82225 1 2700 107821 1 3.27778e-18 0 0 1 0 0 0 1 2700 107821 1.12859e+07 -111531 -8.52223e-08 0.00066346 100 100 0 0 
0.82275 1 2700 105365 1 3.27778e-18 0 0 1 0 0 0 1 2700 105365 1.12859e+07 -107910 -8.52223e-08 0.000455016 100 100 0 0 
0.82325 1 2700 103637 1 3.27778e-18 0 0 1 0 0 0 1 2700 103637 1.12859e+07 -105362 -8.52223e-08 0.000308005 100 100 0 0 
0.82375 1 2700 102417 1 4.37038e-18 0 0 1 0 0 0 1 2700 102417 1.12859e+07 -103564 -1.1363e-07 0.000204599 100 100 0 0 
0.82425 1 2700 101553 1 3.27778e-18 0 0 1 0 0 0 1 2700 101553 1.12859e+07 -102290 -8.52223e-08 0.000131343 100 100 0 0 
0.82475 1 2700 100963 1 4.37038e-18 0 0 1 0 0 0 1 2700 100963 1.12859e+07 -101420 -1.1363e-07 8.13614e-05 100 100 0 0 
0.82525 1 2700 100574 1 3.27778e-18 0 0 1 0 0 0 1 2700 100574 1.12859e+07 -100846 -8.52223e-08 4.83694e-05 100 100 0 0 
0.82575 1 2700 100325 1 3.27778e-18 0 0 1 0 0 0 1 2700 100325 1.12859e+07 -100479 -8.52223e-08 2.73457e-05 100 100 0 0 
0.82625 1 2700 100172 1 3.27778e-18 0 0 1 0 0 0 1 2700 100172 1.12859e+07 -100254 -8.52223e-08 1.44722e-05 100 100 0 0 
0.82675 1 2700 100084 1 2.18519e-18 0 0 1 0 0 0 1 2700 100084 1.12859e+07 -100124 -5.68149e-08 7.05356e-06 100 100 0 0 
0.82725 1 2700 100038 1 3.27778e-18 0 0 1 0 0 0 1 2700 100038 1.12859e+07 -100056 -8.52223e-08 3.25292e-06 100 100 0 0 
0.82775 1 2700 100019 1 6.55556e-18 0 0 1 0 0 0 1 2700 100019 1.12859e+07 -100027 -1.70445e-07 1.6074e-06 100 100 0 0 
0.82825 1 2700 100014 1 5.46297e-18 0 0 1 0 0 0 1 2700 100014 1.12859e+07 -100020 -1.42037e-07 1.1915e-06 100 100 0 0 
0.82875 1 2700 100012 1 5.46297e-18 0 0 1 0 0 0 1 2700 100012 1.12859e+07 -100018 -1.42037e-07 1.09758e-06 100 100 0 0 
0.82925 1 2700 100011 1 4.37038e-18 0 0 1 0 0 0 1 2700 100011 1.12859e+07 -100017 -1.1363e-07 9.91486e-07 100 100 0 0 
0.82975 1 2700 100010 1 3.27778e-18 0 0 1 0 0 0 1 2700 100010 1.12859e+07 -100015 -8.52223e-08 8.94467e-07 100 100 0 0 
0.83025 1 2700 100009 1 0 0 0 1 0 0 0 1 2700 100009 1.12859e+07 -100013 0 8.04199e-07 100 100 0 0 
0.83075 1 2700 100008 1 -2.18519e-18 0 0 1 0 0 0 1 2700 100008 1.12859e+07 -100012 5.68149e-08 7.21009e-07 100 100 0 0 
0.83125 1 2700 100007 1 -5.46297e-18 0 0 1 0 0 0 1 2700 100007 1.12859e+07 -100011 1.42037e-07 6.44987e-07 100 100 0 0 
0.83175 1 2700 100007 1 -5.46297e-18 0 0 1 0 0 0 1 2700 100007 1.12859e+07 -100010 1.42037e-07 5.75497e-07 100 100 0 0 
0.83225 1 2700 100006 1 0 0 0 1 0 0 0 1 2700 100006 1.12859e+07 -100009 0 5.1201e-07 100 100 0 0 
0.83275 1 2700 100005 1 1.09259e-18 0 0 1 0 0 0 1 2700 100005 1.12859e+07 -100008 -2.84074e-08 4.5403e-07 100 100 0 0 
0.83325 1 2700 100005 1 -1.09259e-18 0 0 1 0 0 0 1 2700 100005 1.12859e+07 -100007 2.84074e-08 4.01128e-07 100 100 0 0 
0.83375 1 2700 100004 1 -1.09259e-18 0 0 1 0 0 0 1 2700 100004 1.12859e+07 -100006 2.84074e-08 3.52914e-07 100 100 0 0 
0.83425 1 2700 100004 1 -1.09259e-18 0 0 1 0 0 0 1 2700 100004 1.12859e+07 -100005 2.84074e-08 3.09026e-07 100 100 0 0 
0.83475 1 2700 100003 1 1.09259e-18 0 0 1 0 0 0 1 2700 100003 1.12859e+07 -100005 -2.84074e-08 2.69127e-07 100 100 0 0 
0.83525 1 2700 100003 1 1.09259e-18 0 0 1 0 0 0 1 2700 100003 1.12859e+07 -100004 -2.84074e-08 2.32899e-07 100 100 0 0 
0.83575 1 2700 100002 1 2.18519e-18 0 0 1 0 0 0 1 2700 100002 1.12859e+07 -100003 -5.68149e-08 2.00048e-07 100 100 0 0 
0.83625 1 2700 100002 1 3.27778e-18 0 0 1 0 0 0 1 2700 100002 1.12859e+07 -100003 -8.52223e-08 1.70303e-07 100 100 0 0 
0.83675 1 2700 100002 1 -1.09259e-18 0 0 1 0 0 0 1 2700 100002 1.12859e+07 -100002 2.84074e-08 1.43409e-07 100 100 0 0 
0.83725 1 2700 100001 1 -4.37038e-18 0 0 1 0 0 0 1 2700 100001 1.12859e+07 -100002 1.1363e-07 1.19105e-07 100 100 0 0 
0.83775 1 2700 100001 1 -3.27778e-18 0 0 1 0 0 0 1 2700 100001 1.12859e+07 -100002 8.52223e-08 9.72109e-08 100 100 0 0 
0.83825 1 2700 100001 1 -2.18519e-18 0 0 1 0 0 0 1 2700 100001 1.12859e+07 -100001 5.68149e-08 7.724e-08 100 100 0 0 
0.83875 1 2700 100001 1 1.09259e-18 0 0 1 0 0 0 1 2700 100001 1.12859e+07 -100001 -2.84074e-08 5.94596e-08 100 100 0 0 
0.83925 1 2700 100001 1 0 0 0 1 0 0 0 1 2700 100001 1.12859e+07 -100001 0 4.29626e-08 100 100 0 0 
0.83975 1 2700 100000 1 1.09259e-18 0 0 1 0 0 0 1 2700 100000 1.12859e+07 -100000 -2.84074e-08 2.83291e-08 100 100 0 0 
0.84025 1 2700 100000 1 1.09259e-18 0 0 1 0 0 0 1 2700 100000 1.12859e+07 -100000 -2.84074e-08 1.6982e-08 100 100 0 0 
0.84075 1 2700 100000 1 -1.09259e-18 0 0 1 0 0 0 1 2700 100000 1.12859e+07 -100000 2.84074e-08 0 100 100 0 0 
0.84125 1 2700 100000 1 0 0 0 1 0 0 0 1 2700 100000 1.12859e+07 -100000 0 0 100 100 0 0 
0.84175 1 2700 100000 1 0 0 0 1 0 0 0 1 2700 100000 1.12859e+07 -100000 0 0 100 100 0 0 
0.84225 1 2700 100000 1 0 0 0 1 0 0 0 1 2700 100000 1.12859e+07 -100000 0 0 100 100 0 0 
0.84275 1 2700 100000 1 0 0 0 1 0 0 0 1 2700 100000 1.12859e+07 -100000 0 0 100 100 0 0 
0.84325 1 2700 100000 1 0 0 0 1 0 0 0 1 2700 100000 1.12859e+07 -100000 0 0 100 100 0 0 
0.84375 1 2700 100000 1 0 0 0 1 0 0 0 1 2700 100000 1.12859e+07 -100000 0 0 100 100 0 0 
0.84425 1 2700 100000 1 0 0 0 1 0 0 0 1 2700 100000 1.12859e+07 -100000 0 0 100 100 0 0 
0.84475 1 2700 100000 1 0 0 0 1 0 0 0 1 2700 100000 1.12859e+07 -100000 0 0 100 100 0 0 
0.84525 1 2700 100000 1 0 0 0 1 0 0 0 1 2700 100000 1.12859e+07 -100000 0 0 100 100 0 0 
0.84575 1 2700 100000 1 0 0 0 1 0 0 0 1 2700 100000 1.12859e+07 -100000 0 0 100 100 0 0 
0.84625 1 2700 100000 1 0 0 0 1 0 0 0 1 2700 100000 1.12859e+07 -100000 0 0 100 100 0 0 
0.84675 1 2700 100000 1 0 0 0 1 0 0 0 1 2700 100000 1.12859e+07 -100000 0 0 100 100 0 0 
0.84725 1 2700 100000 1 0 0 0 1 0 0 0 1 2700 100000 1.12859e+07 -100000 0 0 100 100 0 0 
0.84775 1 2700 100000 1 0 0 0 1 0 0 0 1 2700 100000 1.12859e+07 -100000 0 0 100 100 0 0 
0.84825 1 2700 100000 1 0 0 0 1 0 0 0 1 2700 100000 1.12859e+07 -100000 0 0 100 100 0 0 
0.84875 1 2700 100000 1 0 0 0 1 0 0 0 1 2700 100000 1.12859e+07 -100000 0 0 100 100 0 0 
0.84925 1 2700 100000 1 0 0 0 1 0 0 0 1 2700 100000 1.12859e+07 -100000 0 0 100 100 0 0 
0.84975 1 2700 100000 1 0 0 0 1 0 0 0 1 2700 100000 1.12859e+07 -100000 0 0 100 100 0 0 
0.85025 1 2700 100000 1 0 0 0 1 0 0 0 1 2700 100000 1.12859e+07 -100000 0 0 100 100 0 0 
0.85075 1 2700 100000 1 0 0 0 1 0 0 0 1 2700 100000 1.12859e+07 -100000 0 0 100 100 0 0 
0.85125 1 2700 100000 1 0 0 0 1 0 0 0 1 2700 100000 1.12859e+07 -100000 0 0 100 100 0 0 
0.85175 1 2700 100000 1 0 0 0 1 0 0 0 1 2700 100000 1.12859e+07 -100000 0 0 100 100 0 0 
0.85225 1 2700 100000 1 0 0 0 1 0 0 0 1 2700 100000 1.12859e+07 -100000 0 0 100 100 0 0 
0.85275 1 2700 100000 1 0 0 0 1 0 0 0 1 2700 100000 1.12859e+07 -100000 0 0 100 100 0 0 
0.85325 1 2700 100000 1 0 0 0 1 0 0 0 1 2700 100000 1.12859e+07 -100000 0 0 100 100 0 0 
0.85375 1 2700 100000 1 0 0 0 1 0 0 0 1 2700 100000 1.12859e+07 -100000 0 0 100 100 0 0 
0.85425 1 2700 100000 1 0 0 0 1 0 0 0 1 2700 100000 1.12859e+07 -100000 0 0 100 100 0 0 
0.85475 1 2700 100000 1 0 0 0 1 0 0 0 1 2700 100000 1.12859e+07 -100000 0 0 100 100 0 0 
0.85525 1 2700 100000 1 0 0 0 1 0 0 0 1 2700 100000 1.12859e+07 -100000 0 0 100 100 0 0 
0.85575 1 2700 100000 1 0 0 0 1 0 0 0 1 2700 100000 1.12859e+07 -100000 0 0 100 100 0 0 
0.85625 1 2700 100000 1 0 0 0 1 0 0 0 1 2700 100000 1.12859e+07 -100000 0 0 100 100 0 0 
0.85675 1 2700 100000 1 0 0 0 1 0 0 0 1 2700 100000 1.12859e+07 -100000 0 0 100 100 0 0 
0.85725 1 2700 100000 1 0 0 0 1 0 0 0 1 2700 100000 1.12859e+07 -100000 0 0 100 100 0 0 
0.85775 1 2700 100000 1 0 0 0 1 0 0 0 1 2700 100000 1.12859e+07 -100000 0 0 100 100 0 0 
0.85825 1 2700 100000 1 0 0 0 1 0 0 0 1 2700 100000 1.12859e+07 -100000 0 0 100 100 0 0 
0.85875 1 2700 100000 1 0 0 0 1 0 0 0 1 2700 100000 1.12859e+07 -100000 0 0 100 100 0 0 
0.85925 1 2700 100000 1 0 0 0 1 0 0 0 1 2700 100000 1.12859e+07 -100000 0 0 100 100 0 0 
0.85975 1 2700 100000 1 0 0 0 1 0 0 0 1 2700 100000 1.12859e+07 -100000 0 0 100 100 0 0 
0.86025 1 2700 100000 1 0 0 0 1 0 0 0 1 2700 100000 1.12859e+07 -100000 0 0 100 100 0 0 
0.86075 1 2700 100000 1 0 0 0 1 0 0 0 1 2700 100000 1.12859e+07 -100000 0 0 100 100 0 0 
0.86125 1 2700 100000 1 0 0 0 1 0 0 0 1 2700 100000 1.12859e+07 -100000 0 0 100 100 0 0 
0.86175 1 2700 100000 1 0 0 0 1 0 0 0 1 2700 100000 1.12859e+07 -100000 0 0 100 100 0 0 
0.86225 1 2700 100000 1 0 0 0 1 0 0 0 1 2700 100000 1.12859e+07 -100000 0 0 100 100 0 0 
0.86275 1 2700 100000 1 0 0 0 1 0 0 0 1 2700 100000 1.12859e+07 -100000 0 0 100 100 0 0 
0.86325 1 2700 100000 1 0 0 0 1 0 0 0 1 2700 100000 1.12859e+07 -100000 0 0 100 100 0 0 
0.86375 1 2700 100000 1 0 0 0 1 0 0 0 1 2700 100000 1.12859e+07 -100000 0 0 100 100 0 0 
0.86425 1 2700 100000 1 0 0 0 1 0 0 0 1 2700 100000 1.12859e+07 -100000 0 0 100 100 0 0 
0.86475 1 2700 100000 1 0 0 0 1 0 0 0 1 2700 100000 1.12859e+07 -100000 0 0 100 100 0 0 
0.86525 1 2700 100000 1 0 0 0 1 0 0 0 1 2700 100000 1.12859e+07 -100000 0 0 100 100 0 0 
0.86575 1 2700 100000 1 0 0 0 1 0 0 0 1 2700 100000 1.12859e+07 -100000 0 0 100 100 0 0 
0.86625 1 2700 100000 1 0 0 0 1 0 0 0 1 2700 100000 1.12859e+07 -100000 0 0 100 100 0 0 
0.86675 1 2700 100000 1 0 0 0 1 0 0 0 1 2700 100000 1.12859e+07 -100000 0 0 100 100 0 0 
0.86725 1 2700 100000 1 0 0 0 1 0 0 0 1 2700 100000 1.12859e+07 -100000 0 0 100 100 0 0 
0.86775 1 2700 100000 1 0 0 0 1 0 0 0 1 2700 100000 1.12859e+07 -100000 0 0 100 100 0 0 
0.86825 1 2700 100000 1 0 0 0 1 0 0 0 1 2700 100000 1.12859e+07 -100000 0 0 100 100 0 0 
0.86875 1 2700 100000 1 0 0 0 1 0 0 0 1 2700 100000 1.12859e+07 -100000 0 0 100 100 0 0 
0.86925 1 2700 100000 1 0 0 0 1 0 0 0 1 2700 100000 1.12859e+07 -100000 0 0 100 100 0 0 
0.86975 1 2700 100000 1 0 0 0 1 0 0 0 1 2700 100000 1.12859e+07 -100000 0 0 100 100 0 0 
0.87025 1 2700 100000 1 0 0 0 1 0 0 0 1 2700 100000 1.12859e+07 -100000 0 0 100 100 0 0 
0.87075 1 2700 100000 1 0 0 0 1 0 0 0 1 2700 100000 1.12859e+07 -100000 0 0 100 100 0 0 
0.87125 1 2700 100000 1 0 0 0 1 0 0 0 1 2700 100000 1.12859e+07 -100000 0 0 100 100 0 0 
0.87175 1 2700 100000 1 0 0 0 1 0 0 0 1 2700 100000 1.12859e+07 -100000 0 0 100 100 0 0 
0.87225 1 2700 100000 1 0 0 0 1 0 0 0 1 2700 100000 1.12859e+07 -100000 0 0 100 100 0 0 
0.87275 1 2700 100000 1 0 0 0 1 0 0 0 1 2700 100000 1.12859e+07 -100000 0 0 100 100 0 0 
0.87325 1 2700 100000 1 0 0 0 1 0 0 0 1 2700 100000 1.12859e+07 -100000 0 0 100 100 0 0 
0.87375 1 2700 100000 1 0 0 0 1 0 0 0 1 2700 100000 1.12859e+07 -100000 0 0 100 100 0 0 
0.87425 1 2700 100000 1 0 0 0 1 0 0 0 1 2700 100000 1.12859e+07 -100000 0 0 100 100 0 0 
0.87475 1 2700 100000 1 0 0 0 1 0 0 0 1 2700 100000 1.12859e+07 -100000 0 0 100 100 0 0 
0.87525 1 2700 100000 1 0 0 0 1 0 0 0 1 2700 100000 1.12859e+07 -100000 0 0 100 100 0 0 
0.87575 1 2700 100000 1 0 0 0 1 0 0 0 1 2700 100000 1.12859e+07 -100000 0 0 100 100 0 0 
0.87625 1 2700 100000 1 0 0 0 1 0 0 0 1 2700 100000 1.12859e+07 -100000 0 0 100 100 0 0 
0.87675 1 2700 100000 1 0 0 0 1 0 0 0 1 2700 100000 1.12859e+07 -100000 0 0 100 100 0 0 
0.87725 1 2700 100000 1 0 0 0 1 0 0 0 1 2700 100000 1.12859e+07 -100000 0 0 100 100 0 0 
0.87775 1 2700 100000 1 0 0 0 1 0 0 0 1 2700 100000 1.12859e+07 -100000 0 0 100 100 0 0 
0.87825 1 2700 100000 1 0 0 0 1 0 0 0 1 2700 100000 1.12859e+07 -100000 0 0 100 100 0 0 
0.87875 1 2700 100000 1 0 0 0 1 0 0 0 1 2700 100000 1.12859e+07 -100000 0 0 100 100 0 0 
0.87925 1 2700 100000 1 0 0 0 1 0 0 0 1 2700 100000 1.12859e+07 -100000 0 0 100 100 0 0 
0.87975 1 2700 100000 1 0 0 0 1 0 0 0 1 2700 100000 1.12859e+07 -100000 0 0 100 100 0 0 
0.88025 1 2700 100000 1 0 0 0 1 0 0 0 1 2700 100000 1.12859e+07 -100000 0 0 100 100 0 0 
0.88075 1 2700 100000 1 0 0 0 1 0 0 0 1 2700 100000 1.12859e+07 -100000 0 0 100 100 0 0 
0.88125 1 2700 100000 1 0 0 0 1 0 0 0 1 2700 100000 1.12859e+07 -100000 0 0 100 100 0 0 
0.88175 1 2700 100000 1 0 0 0 1 0 0 0 1 2700 100000 1.12859e+07 -100000 0 0 100 100 0 0 
0.88225 1 2700 100000 1 0 0 0 1 0 0 0 1 2700 100000 1.12859e+07 -100000 0 0 100 100 0 0 
0.88275 1 2700 100000 1 0 0 0 1 0 0 0 1 2700 100000 1.12859e+07 -100000 0 0 100 100 0 0 
0.88325 1 2700 100000 1 0 0 0 1 0 0 0 1 2700 100000 1.12859e+07 -100000 0 0 100 100 0 0 
0.88375 1 2700 100000 1 0 0 0 1 0 0 0 1 2700 100000 1.12859e+07 -100000 0 0 100 100 0 0 
0.88425 1 2700 100000 1 0 0 0 1 0 0 0 1 2700 100000 1.12859e+07 -100000 0 0 100 100 0 0 
0.88475 1 2700 100000 1 0 0 0 1 0 0 0 1 2700 100000 1.12859e+07 -100000 0 0 100 100 0 0 
0.88525 1 2700 100000 1 0 0 0 1 0 0 0 1 2700 100000 1.12859e+07 -100000 0 0 100 100 0 0 
0.88575 1 2700 100000 1 0 0 0 1 0 0 0 1 2700 100000 1.12859e+07 -100000 0 0 100 100 0 0 
0.88625 1 2700 100000 1 0 0 0 1 0 0 0 1 2700 100000 1.12859e+07 -100000 0 0 100 100 0 0 
0.88675 1 2700 100000 1 0 0 0 1 0 0 0 1 2700 100000 1.12859e+07 -100000 0 0 100 100 0 0 
0.88725 1 2700 100000 1 0 0 0 1 0 0 0 1 2700 100000 1.12859e+07 -100000 0 0 100 100 0 0 
0.88775 1 2700 100000 1 0 0 0 1 0 0 0 1 2700 100000 1.12859e+07 -100000 0 0 100 100 0 0 
0.88825 1 2700 100000 1 0 0 0 1 0 0 0 1 2700 100000 1.12859e+07 -100000 0 0 100 100 0 0 
0.88875 1 2700 100000 1 0 0 0 1 0 0 0 1 2700 100000 1.12859e+07 -100000 0 0 100 100 0 0 
0.88925 1 2700 100000 1 0 0 0 1 0 0 0 1 2700 100000 1.12859e+07 -100000 0 0 100 100 0 0 
0.88975 1 2700 100000 1 0 0 0 1 0 0 0 1 2700 100000 1.12859e+07 -100000 0 0 100 100 0 0 
0.89025 1 2700 100000 1 0 0 0 1 0 0 0 1 2700 100000 1.12859e+07 -100000 0 0 100 100 0 0 
0.89075 1 2700 100000 1 0 0 0 1 0 0 0 1 2700 100000 1.12859e+07 -100000 0 0 100 100 0 0 
0.89125 1 2700 100000 1 0 0 0 1 0 0 0 1 2700 100000 1.12859e+07 -100000 0 0 100 100 0 0 
0.89175 1 2700 100000 1 0 0 0 1 0 0 0 1 2700 100000 1.12859e+07 -100000 0 0 100 100 0 0 
0.89225 1 2700 100000 1 0 0 0 1 0 0 0 1 2700 100000 1.12859e+07 -100000 0 0 100 100 0 0 
0.89275 1 2700 100000 1 0 0 0 1 0 0 0 1 2700 100000 1.12859e+07 -100000 0 0 100 100 0 0 
0.89325 1 2700 100000 1 0 0 0 1 0 0 0 1 2700 100000 1.12859e+07 -100000 0 0 100 100 0 0 
0.89375 1 2700 100000 1 0 0 0 1 0 0 0 1 2700 100000 1.12859e+07 -100000 0 0 100 100 0 0 
0.89425 1 2700 100000 1 0 0 0 1 0 0 0 1 2700 100000 1.12859e+07 -100000 0 0 100 100 0 0 
0.89475 1 2700 100000 1 0 0 0 1 0 0 0 1 2700 100000 1.12859e+07 -100000 0 0 100 100 0 0 
0.89525 1 2700 100000 1 0 0 0 1 0 0 0 1 2700 100000 1.12859e+07 -100000 0 0 100 100 0 0 
0.89575 1 2700 100000 1 0 0 0 1 0 0 0 1 2700 100000 1.12859e+07 -100000 0 0 100 100 0 0 
0.89625 1 2700 100000 1 0 0 0 1 0 0 0 1 2700 100000 1.12859e+07 -100000 0 0 100 100 0 0 
0.89675 1 2700 100000 1 0 0 0 1 0 0 0 1 2700 100000 1.12859e+07 -100000 0 0 100 100 0 0 
0.89725 1 2700 100000 1 0 0 0 1 0 0 0 1 2700 100000 1.12859e+07 -100000 0 0 100 100 0 0 
0.89775 1 2700 100000 1 0 0 0 1 0 0 0 1 2700 100000 1.12859e+07 -100000 0 0 100 100 0 0 
0.89825 1 2700 100000 1 0 0 0 1 0 0 0 1 2700 100000 1.12859e+07 -100000 0 0 100 100 0 0 
0.89875 1 2700 100000 1 0 0 0 1 0 0 0 1 2700 100000 1.12859e+07 -100000 0 0 100 100 0 0 
0.89925 1 2700 100000 1 0 0 0 1 0 0 0 1 2700 100000 1.12859e+07 -100000 0 0 100 100 0 0 
0.89975 1 2700 100000 1 0 0 0 1 0 0 0 1 2700 100000 1.12859e+07 -100000 0 0 100 100 0 0 
0.90025 1 2700 100000 1 0 0 0 1 0 0 0 1 2700 100000 1.12859e+07 -100000 0 0 100 100 0 0 
0.90075 1 2700 100000 1 0 0 0 1 0 0 0 1 2700 100000 1.12859e+07 -100000 0 0 100 100 0 0 
0.90125 1 2700 100000 1 0 0 0 1 0 0 0 1 2700 100000 1.12859e+07 -100000 0 0 100 100 0 0 
0.90175 1 2700 100000 1 0 0 0 1 0 0 0 1 2700 100000 1.12859e+07 -100000 0 0 100 100 0 0 
0.90225 1 2700 100000 1 0 0 0 1 0 0 0 1 2700 100000 1.12859e+07 -100000 0 0 100 100 0 0 
0.90275 1 2700 100000 1 0 0 0 1 0 0 0 1 2700 100000 1.12859e+07 -100000 0 0 100 100 0 0 
0.90325 1 2700 100000 1 0 0 0 1 0 0 0 1 2700 100000 1.12859e+07 -100000 0 0 100 100 0 0 
0.90375 1 2700 100000 1 0 0 0 1 0 0 0 1 2700 100000 1.12859e+07 -100000 0 0 100 100 0 0 
0.90425 1 2700 100000 1 0 0 0 1 0 0 0 1 2700 100000 1.12859e+07 -100000 0 0 100 100 0 0 
0.90475 1 2700 100000 1 0 0 0 1 0 0 0 1 2700 100000 1.12859e+07 -100000 0 0 100 100 0 0 
0.90525 1 2700 100000 1 0 0 0 1 0 0 0 1 2700 100000 1.12859e+07 -100000 0 0 100 100 0 0 
0.90575 1 2700 100000 1 0 0 0 1 0 0 0 1 2700 100000 1.12859e+07 -100000 0 0 100 100 0 0 
0.90625 1 2700 100000 1 0 0 0 1 0 0 0 1 2700 100000 1.12859e+07 -100000 0 0 100 100 0 0 
0.90675 1 2700 100000 1 0 0 0 1 0 0 0 1 2700 100000 1.12859e+07 -100000 0 0 100 100 0 0 
0.90725 1 2700 100000 1 0 0 0 1 0 0 0 1 2700 100000 1.12859e+07 -100000 0 0 100 100 0 0 
0.90775 1 2700 100000 1 0 0 0 1 0 0 0 1 2700 100000 1.12859e+07 -100000 0 0 100 100 0 0 
0.90825 1 2700 100000 1 0 0 0 1 0 0 0 1 2700 100000 1.12859e+07 -100000 0 0 100 100 0 0 
0.90875 1 2700 100000 1 0 0 0 1 0 0 0 1 2700 100000 1.12859e+07 -100000 0 0 100 100 0 0 
0.90925 1 2700 100000 1 0 0 0 1 0 0 0 1 2700 100000 1.12859e+07 -100000 0 0 100 100 0 0 
0.90975 1 2700 100000 1 0 0 0 1 0 0 0 1 2700 100000 1.12859e+07 -100000 0 0 100 100 0 0 
0.91025 1 2700 100000 1 0 0 0 1 0 0 0 1 2700 100000 1.12859e+07 -100000 0 0 100 100 0 0 
0.91075 1 2700 100000 1 0 0 0 1 0 0 0 1 2700 100000 1.12859e+07 -100000 0 0 100 100 0 0 
0.91125 1 2700 100000 1 0 0 0 1 0 0 0 1 2700 100000 1.12859e+07 -100000 0 0 100 100 0 0 
0.91175 1 2700 100000 1 0 0 0 1 0 0 0 1 2700 100000 1.12859e+07 -100000 0 0 100 100 0 0 
0.91225 1 2700 100000 1 0 0 0 1 0 0 0 1 2700 100000 1.12859e+07 -100000 0 0 100 100 0 0 
0.91275 1 2700 100000 1 0 0 0 1 0 0 0 1 2700 100000 1.12859e+07 -100000 0 0 100 100 0 0 
0.91325 1 2700 100000 1 0 0 0 1 0 0 0 1 2700 100000 1.12859e+07 -100000 0 0 100 100 0 0 
0.91375 1 2700 100000 1 0 0 0 1 0 0 0 1 2700 100000 1.12859e+07 -100000 0 0 100 100 0 0 
0.91425 1 2700 100000 1 0 0 0 1 0 0 0 1 2700 100000 1.12859e+07 -100000 0 0 100 100 0 0 
0.91475 1 2700 100000 1 0 0 0 1 0 0 0 1 2700 100000 1.12859e+07 -100000 0 0 100 100 0 0 
0.91525 1 2700 100000 1 0 0 0 1 0 0 0 1 2700 100000 1.12859e+07 -100000 0 0 100 100 0 0 
0.91575 1 2700 100000 1 0 0 0 1 0 0 0 1 2700 100000 1.12859e+07 -100000 0 0 100 100 0 0 
0.91625 1 2700 100000 1 0 0 0 1 0 0 0 1 2700 100000 1.12859e+07 -100000 0 0 100 100 0 0 
0.91675 1 2700 100000 1 0 0 0 1 0 0 0 1 2700 100000 1.12859e+07 -100000 0 0 100 100 0 0 
0.91725 1 2700 100000 1 0 0 0 1 0 0 0 1 2700 100000 1.12859e+07 -100000 0 0 100 100 0 0 
0.91775 1 2700 100000 1 0 0 0 1 0 0 0 1 2700 100000 1.12859e+07 -100000 0 0 100 100 0 0 
0.91825 1 2700 100000 1 0 0 0 1 0 0 0 1 2700 100000 1.12859e+07 -100000 0 0 100 100 0 0 
0.91875 1 2700 100000 1 0 0 0 1 0 0 0 1 2700 100000 1.12859e+07 -100000 0 0 100 100 0 0 
0.91925 1 2700 100000 1 0 0 0 1 0 0 0 1 2700 100000 1.12859e+07 -100000 0 0 100 100 0 0 
0.91975 1 2700 100000 1 0 0 0 1 0 0 0 1 2700 100000 1.12859e+07 -100000 0 0 100 100 0 0 
0.92025 1 2700 100000 1 0 0 0 1 0 0 0 1 2700 100000 1.12859e+07 -100000 0 0 100 100 0 0 
0.92075 1 2700 100000 1 0 0 0 1 0 0 0 1 2700 100000 1.12859e+07 -100000 0 0 100 100 0 0 
0.92125 1 2700 100000 1 0 0 0 1 0 0 0 1 2700 100000 1.12859e+07 -100000 0 0 100 100 0 0 
0.92175 1 2700 100000 1 0 0 0 1 0 0 0 1 2700 100000 1.12859e+07 -100000 0 0 100 100 0 0 
0.92225 1 2700 100000 1 0 0 0 1 0 0 0 1 2700 100000 1.12859e+07 -100000 0 0 100 100 0 0 
0.92275 1 2700 100000 1 0 0 0 1 0 0 0 1 2700 100000 1.12859e+07 -100000 0 0 100 100 0 0 
0.92325 1 2700 100000 1 0 0 0 1 0 0 0 1 2700 100000 1.12859e+07 -100000 0 0 100 100 0 0 
0.92375 1 2700 100000 1 0 0 0 1 0 0 0 1 2700 100000 1.12859e+07 -100000 0 0 100 100 0 0 
0.92425 1 2700 100000 1 0 0 0 1 0 0 0 1 2700 100000 1.12859e+07 -100000 0 0 100 100 0 0 
0.92475 1 2700 100000 1 0 0 0 1 0 0 0 1 2700 100000 1.12859e+07 -100000 0 0 100 100 0 0 
0.92525 1 2700 100000 1 0 0 0 1 0 0 0 1 2700 100000 1.12859e+07 -100000 0 0 100 100 0 0 
0.92575 1 2700 100000 1 0 0 0 1 0 0 0 1 2700 100000 1.12859e+07 -100000 0 0 100 100 0 0 
0.92625 1 2700 100000 1 0 0 0 1 0 0 0 1 2700 100000 1.12859e+07 -100000 0 0 100 100 0 0 
0.92675 1 2700 100000 1 0 0 0 1 0 0 0 1 2700 100000 1.12859e+07 -100000 0 0 100 100 0 0 
0.92725 1 2700 100000 1 0 0 0 1 0 0 0 1 2700 100000 1.12859e+07 -100000 0 0 100 100 0 0 
0.92775 1 2700 100000 1 0 0 0 1 0 0 0 1 2700 100000 1.12859e+07 -100000 0 0 100 100 0 0 
0.92825 1 2700 100000 1 0 0 0 1 0 0 0 1 2700 100000 1.12859e+07 -100000 0 0 100 100 0 0 
0.92875 1 2700 100000 1 0 0 0 1 0 0 0 1 2700 100000 1.12859e+07 -100000 0 0 100 100 0 0 
0.92925 1 2700 100000 1 0 0 0 1 0 0 0 1 2700 100000 1.12859e+07 -100000 0 0 100 100 0 0 
0.92975 1 2700 100000 1 0 0 0 1 0 0 0 1 2700 100000 1.12859e+07 -100000 0 0 100 100 0 0 
0.93025 1 2700 100000 1 0 0 0 1 0 0 0 1 2700 100000 1.12859e+07 -100000 0 0 100 100 0 0 
0.93075 1 2700 100000 1 0 0 0 1 0 0 0 1 2700 100000 1.12859e+07 -100000 0 0 100 100 0 0 
0.93125 1 2700 100000 1 0 0 0 1 0 0 0 1 2700 100000 1.12859e+07 -100000 0 0 100 100 0 0 
0.93175 1 2700 100000 1 0 0 0 1 0 0 0 1 2700 100000 1.12859e+07 -100000 0 0 100 100 0 0 
0.93225 1 2700 100000 1 0 0 0 1 0 0 0 1 2700 100000 1.12859e+07 -100000 0 0 100 100 0 0 
0.93275 1 2700 100000 1 0 0 0 1 0 0 0 1 2700 100000 1.12859e+07 -100000 0 0 100 100 0 0 
0.93325 1 2700 100000 1 0 0 0 1 0 0 0 1 2700 100000 1.12859e+07 -100000 0 0 100 100 0 0 
0.93375 1 2700 100000 1 0 0 0 1 0 0 0 1 2700 100000 1.12859e+07 -100000 0 0 100 100 0 0 
0.93425 1 2700 100000 1 0 0 0 1 0 0 0 1 2700 100000 1.12859e+07 -100000 0 0 100 100 0 0 
0.93475 1 2700 100000 1 0 0 0 1 0 0 0 1 2700 100000 1.12859e+07 -100000 0 0 100 100 0 0 
0.93525 1 2700 100000 1 0 0 0 1 0 0 0 1 2700 100000 1.12859e+07 -100000 0 0 100 100 0 0 
0.93575 1 2700 100000 1 0 0 0 1 0 0 0 1 2700 100000 1.12859e+07 -100000 0 0 100 100 0 0 
0.93625 1 2700 100000 1 0 0 0 1 0 0 0 1 2700 100000 1.12859e+07 -100000 0 0 100 100 0 0 
0.93675 1 2700 100000 1 0 0 0 1 0 0 0 1 2700 100000 1.12859e+07 -100000 0 0 100 100 0 0 
0.93725 1 2700 100000 1 0 0 0 1 0 0 0 1 2700 100000 1.12859e+07 -100000 0 0 100 100 0 0 
0.93775 1 2700 100000 1 0 0 0 1 0 0 0 1 2700 100000 1.12859e+07 -100000 0 0 100 100 0 0 
0.93825 1 2700 100000 1 0 0 0 1 0 0 0 1 2700 100000 1.12859e+07 -100000 0 0 100 100 0 0 
0.93875 1 2700 100000 1 0 0 0 1 0 0 0 1 2700 100000 1.12859e+07 -100000 0 0 100 100 0 0 
0.93925 1 2700 100000 1 0 0 0 1 0 0 0 1 2700 100000 1.12859e+07 -100000 0 0 100 100 0 0 
0.93975 1 2700 100000 1 0 0 0 1 0 0 0 1 2700 100000 1.12859e+07 -100000 0 0 100 100 0 0 
0.94025 1 2700 100000 1 0 0 0 1 0 0 0 1 2700 100000 1.12859e+07 -100000 0 0 100 100 0 0 
0.94075 1 2700 100000 1 0 0 0 1 0 0 0 1 2700 100000 1.12859e+07 -100000 0 0 100 100 0 0 
0.94125 1 2700 100000 1 0 0 0 1 0 0 0 1 2700 100000 1.12859e+07 -100000 0 0 100 100 0 0 
0.94175 1 2700 100000 1 0 0 0 1 0 0 0 1 2700 100000 1.12859e+07 -100000 0 0 100 100 0 0 
0.94225 1 2700 100000 1 0 0 0 1 0 0 0 1 2700 100000 1.12859e+07 -100000 0 0 100 100 0 0 
0.94275 1 2700 100000 1 0 0 0 1 0 0 0 1 2700 100000 1.12859e+07 -100000 0 0 100 100 0 0 
0.94325 1 2700 100000 1 0 0 0 1 0 0 0 1 2700 100000 1.12859e+07 -100000 0 0 100 100 0 0 
0.94375 1 2700 100000 1 0 0 0 1 0 0 0 1 2700 100000 1.12859e+07 -100000 0 0 100 100 0 0 
0.94425 1 2700 100000 1 0 0 0 1 0 0 0 1 2700 100000 1.12859e+07 -100000 0 0 100 100 0 0 
0.94475 1 2700 100000 1 0 0 0 1 0 0 0 1 2700 100000 1.12859e+07 -100000 0 0 100 100 0 0 
0.94525 1 2700 100000 1 0 0 0 1 0 0 0 1 2700 100000 1.12859e+07 -100000 0 0 100 100 0 0 
0.94575 1 2700 100000 1 0 0 0 1 0 0 0 1 2700 100000 1.12859e+07 -100000 0 0 100 100 0 0 
0.94625 1 2700 100000 1 0 0 0 1 0 0 0 1 2700 100000 1.12859e+07 -100000 0 0 100 100 0 0 
0.94675 1 2700 100000 1 0 0 0 1 0 0 0 1 2700 100000 1.12859e+07 -100000 0 0 100 100 0 0 
0.94725 1 2700 100000 1 0 0 0 1 0 0 0 1 2700 100000 1.12859e+07 -100000 0 0 100 100 0 0 
0.94775 1 2700 100000 1 0 0 0 1 0 0 0 1 2700 100000 1.12859e+07 -100000 0 0 100 100 0 0 
0.94825 1 2700 100000 1 0 0 0 1 0 0 0 1 2700 100000 1.12859e+07 -100000 0 0 100 100 0 0 
0.94875 1 2700 100000 1 0 0 0 1 0 0 0 1 2700 100000 1.12859e+07 -100000 0 0 100 100 0 0 
0.94925 1 2700 100000 1 0 0 0 1 0 0 0 1 2700 100000 1.12859e+07 -100000 0 0 100 100 0 0 
0.94975 1 2700 100000 1 0 0 0 1 0 0 0 1 2700 100000 1.12859e+07 -100000 0 0 100 100 0 0 
0.95025 1 2700 100000 1 0 0 0 1 0 0 0 1 2700 100000 1.12859e+07 -100000 0 0 100 100 0 0 
0.95075 1 2700 100000 1 0 0 0 1 0 0 0 1 2700 100000 1.12859e+07 -100000 0 0 100 100 0 0 
0.95125 1 2700 100000 1 0 0 0 1 0 0 0 1 2700 100000 1.12859e+07 -100000 0 0 100 100 0 0 
0.95175 1 2700 100000 1 0 0 0 1 0 0 0 1 2700 100000 1.12859e+07 -100000 0 0 100 100 0 0 
0.95225 1 2700 100000 1 0 0 0 1 0 0 0 1 2700 100000 1.12859e+07 -100000 0 0 100 100 0 0 
0.95275 1 2700 100000 1 0 0 0 1 0 0 0 1 2700 100000 1.12859e+07 -100000 0 0 100 100 0 0 
0.95325 1 2700 100000 1 0 0 0 1 0 0 0 1 2700 100000 1.12859e+07 -100000 0 0 100 100 0 0 
0.95375 1 2700 100000 1 0 0 0 1 0 0 0 1 2700 100000 1.12859e+07 -100000 0 0 100 100 0 0 
0.95425 1 2700 100000 1 0 0 0 1 0 0 0 1 2700 100000 1.12859e+07 -100000 0 0 100 100 0 0 
0.95475 1 2700 100000 1 0 0 0 1 0 0 0 1 2700 100000 1.12859e+07 -100000 0 0 100 100 0 0 
0.95525 1 2700 100000 1 0 0 0 1 0 0 0 1 2700 100000 1.12859e+07 -100000 0 0 100 100 0 0 
0.95575 1 2700 100000 1 0 0 0 1 0 0 0 1 2700 100000 1.12859e+07 -100000 0 0 100 100 0 0 
0.95625 1 2700 100000 1 0 0 0 1 0 0 0 1 2700 100000 1.12859e+07 -100000 0 0 100 100 0 0 
0.95675 1 2700 100000 1 0 0 0 1 0 0 0 1 2700 100000 1.12859e+07 -100000 0 0 100 100 0 0 
0.95725 1 2700 100000 1 0 0 0 1 0 0 0 1 2700 100000 1.12859e+07 -100000 0 0 100 100 0 0 
0.95775 1 2700 100000 1 0 0 0 1 0 0 0 1 2700 100000 1.12859e+07 -100000 0 0 100 100 0 0 
0.95825 1 2700 100000 1 0 0 0 1 0 0 0 1 2700 100000 1.12859e+07 -100000 0 0 100 100 0 0 
0.95875 1 2700 100000 1 0 0 0 1 0 0 0 1 2700 100000 1.12859e+07 -100000 0 0 100 100 0 0 
0.95925 1 2700 100000 1 0 0 0 1 0 0 0 1 2700 100000 1.12859e+07 -100000 0 0 100 100 0 0 
0.95975 1 2700 100000 1 0 0 0 1 0 0 0 1 2700 100000 1.12859e+07 -100000 0 0 100 100 0 0 
0.96025 1 2700 100000 1 0 0 0 1 0 0 0 1 2700 100000 1.12859e+07 -100000 0 0 100 100 0 0 
0.96075 1 2700 100000 1 0 0 0 1 0 0 0 1 2700 100000 1.12859e+07 -100000 0 0 100 100 0 0 
0.96125 1 2700 100000 1 0 0 0 1 0 0 0 1 2700 100000 1.12859e+07 -100000 0 0 100 100 0 0 
0.96175 1 2700 100000 1 0 0 0 1 0 0 0 1 2700 100000 1.12859e+07 -100000 0 0 100 100 0 0 
0.96225 1 2700 100000 1 0 0 0 1 0 0 0 1 2700 100000 1.12859e+07 -100000 0 0 100 100 0 0 
0.96275 1 2700 100000 1 0 0 0 1 0 0 0 1 2700 100000 1.12859e+07 -100000 0 0 100 100 0 0 
0.96325 1 2700 100000 1 0 0 0 1 0 0 0 1 2700 100000 1.12859e+07 -100000 0 0 100 100 0 0 
0.96375 1 2700 100000 1 0 0 0 1 0 0 0 1 2700 100000 1.12859e+07 -100000 0 0 100 100 0 0 
0.96425 1 2700 100000 1 0 0 0 1 0 0 0 1 2700 100000 1.12859e+07 -100000 0 0 100 100 0 0 
0.96475 1 2700 100000 1 0 0 0 1 0 0 0 1 2700 100000 1.12859e+07 -100000 0 0 100 100 0 0 
0.96525 1 2700 100000 1 0 0 0 1 0 0 0 1 2700 100000 1.12859e+07 -100000 0 0 100 100 0 0 
0.96575 1 2700 100000 1 0 0 0 1 0 0 0 1 2700 100000 1.12859e+07 -100000 0 0 100 100 0 0 
0.96625 1 2700 100000 1 0 0 0 1 0 0 0 1 2700 100000 1.12859e+07 -100000 0 0 100 100 0 0 
0.96675 1 2700 100000 1 0 0 0 1 0 0 0 1 2700 100000 1.12859e+07 -100000 0 0 100 100 0 0 
0.96725 1 2700 100000 1 0 0 0 1 0 0 0 1 2700 100000 1.12859e+07 -100000 0 0 100 100 0 0 
0.96775 1 2700 100000 1 0 0 0 1 0 0 0 1 2700 100000 1.12859e+07 -100000 0 0 100 100 0 0 
0.96825 1 2700 100000 1 0 0 0 1 0 0 0 1 2700 100000 1.12859e+07 -100000 0 0 100 100 0 0 
0.96875 1 2700 100000 1 0 0 0 1 0 0 0 1 2700 100000 1.12859e+07 -100000 0 0 100 100 0 0 
0.96925 1 2700 100000 1 0 0 0 1 0 0 0 1 2700 100000 1.12859e+07 -100000 0 0 100 100 0 0 
0.96975 1 2700 100000 1 0 0 0 1 0 0 0 1 2700 100000 1.12859e+07 -100000 0 0 100 100 0 0 
0.97025 1 2700 100000 1 0 0 0 1 0 0 0 1 2700 100000 1.12859e+07 -100000 0 0 100 100 0 0 
0.97075 1 2700 100000 1 0 0 0 1 0 0 0 1 2700 100000 1.12859e+07 -100000 0 0 100 100 0 0 
0.97125 1 2700 100000 1 0 0 0 1 0 0 0 1 2700 100000 1.12859e+07 -100000 0 0 100 100 0 0 
0.97175 1 2700 100000 1 0 0 0 1 0 0 0 1 2700 100000 1.12859e+07 -100000 0 0 100 100 0 0 
0.97225 1 2700 100000 1 0 0 0 1 0 0 0 1 2700 100000 1.12859e+07 -100000 0 0 100 100 0 0 
0.97275 1 2700 100000 1 0 0 0 1 0 0 0 1 2700 100000 1.12859e+07 -100000 0 0 100 100 0 0 
0.97325 1 2700 100000 1 0 0 0 1 0 0 0 1 2700 100000 1.12859e+07 -100000 0 0 100 100 0 0 
0.97375 1 2700 100000 1 0 0 0 1 0 0 0 1 2700 100000 1.12859e+07 -100000 0 0 100 100 0 0 
0.97425 1 2700 100000 1 0 0 0 1 0 0 0 1 2700 100000 1.12859e+07 -100000 0 0 100 100 0 0 
0.97475 1 2700 100000 1 0 0 0 1 0 0 0 1 2700 100000 1.12859e+07 -100000 0 0 100 100 0 0 
0.97525 1 2700 100000 1 0 0 0 1 0 0 0 1 2700 100000 1.12859e+07 -100000 0 0 100 100 0 0 
0.97575 1 2700 100000 1 0 0 0 1 0 0 0 1 2700 100000 1.12859e+07 -100000 0 0 100 100 0 0 
0.97625 1 2700 100000 1 0 0 0 1 0 0 0 1 2700 100000 1.12859e+07 -100000 0 0 100 100 0 0 
0.97675 1 2700 100000 1 0 0 0 1 0 0 0 1 2700 100000 1.12859e+07 -100000 0 0 100 100 0 0 
0.97725 1 2700 100000 1 0 0 0 1 0 0 0 1 2700 100000 1.12859e+07 -100000 0 0 100 100 0 0 
0.97775 1 2700 100000 1 0 0 0 1 0 0 0 1 2700 100000 1.12859e+07 -100000 0 0 100 100 0 0 
0.97825 1 2700 100000 1 0 0 0 1 0 0 0 1 2700 100000 1.12859e+07 -100000 0 0 100 100 0 0 
0.97875 1 2700 100000 1 0 0 0 1 0 0 0 1 2700 100000 1.12859e+07 -100000 0 0 100 100 0 0 
0.97925 1 2700 100000 1 0 0 0 1 0 0 0 1 2700 100000 1.12859e+07 -100000 0 0 100 100 0 0 
0.97975 1 2700 100000 1 0 0 0 1 0 0 0 1 2700 100000 1.12859e+07 -100000 0 0 100 100 0 0 
0.98025 1 2700 100000 1 0 0 0 1 0 0 0 1 2700 100000 1.12859e+07 -100000 0 0 100 100 0 0 
0.98075 1 2700 100000 1 0 0 0 1 0 0 0 1 2700 100000 1.12859e+07 -100000 0 0 100 100 0 0 
0.98125 1 2700 100000 1 0 0 0 1 0 0 0 1 2700 100000 1.12859e+07 -100000 0 0 100 100 0 0 
0.98175 1 2700 100000 1 0 0 0 1 0 0 0 1 2700 100000 1.12859e+07 -100000 0 0 100 100 0 0 
0.98225 1 2700 100000 1 0 0 0 1 0 0 0 1 2700 100000 1.12859e+07 -100000 0 0 100 100 0 0 
0.98275 1 2700 100000 1 0 0 0 1 0 0 0 1 2700 100000 1.12859e+07 -100000 0 0 100 100 0 0 
0.98325 1 2700 100000 1 0 0 0 1 0 0 0 1 2700 100000 1.12859e+07 -100000 0 0 100 100 0 0 
0.98375 1 2700 100000 1 0 0 0 1 0 0 0 1 2700 100000 1.12859e+07 -100000 0 0 100 100 0 0 
0.98425 1 2700 100000 1 0 0 0 1 0 0 0 1 2700 100000 1.12859e+07 -100000 0 0 100 100 0 0 
0.98475 1 2700 100000 1 0 0 0 1 0 0 0 1 2700 100000 1.12859e+07 -100000 0 0 100 100 0 0 
0.98525 1 2700 100000 1 0 0 0 1 0 0 0 1 2700 100000 1.12859e+07 -100000 0 0 100 100 0 0 
0.98575 1 2700 100000 1 0 0 0 1 0 0 0 1 2700 100000 1.12859e+07 -100000 0 0 100 100 0 0 
0.98625 1 2700 100000 1 0 0 0 1 0 0 0 1 2700 100000 1.12859e+07 -100000 0 0 100 100 0 0 
0.98675 1 2700 100000 1 0 0 0 1 0 0 0 1 2700 100000 1.12859e+07 -100000 0 0 100 100 0 0 
0.98725 1 2700 100000 1 0 0 0 1 0 0 0 1 2700 100000 1.12859e+07 -100000 0 0 100 100 0 0 
0.98775 1 2700 100000 1 0 0 0 1 0 0 0 1 2700 100000 1.12859e+07 -100000 0 0 100 100 0 0 
0.98825 1 2700 100000 1 0 0 0 1 0 0 0 1 2700 100000 1.12859e+07 -100000 0 0 100 100 0 0 
0.98875 1 2700 100000 1 0 0 0 1 0 0 0 1 2700 100000 1.12859e+07 -100000 0 0 100 100 0 0 
0.98925 1 2700 100000 1 0 0 0 1 0 0 0 1 2700 100000 1.12859e+07 -100000 0 0 100 100 0 0 
0.98975 1 2700 100000 1 0 0 0 1 0 0 0 1 2700 100000 1.12859e+07 -100000 0 0 100 100 0 0 
0.99025 1 2700 100000 1 0 0 0 1 0 0 0 1 2700 100000 1.12859e+07 -100000 0 0 100 100 0 0 
0.99075 1 2700 100000 1 0 0 0 1 0 0 0 1 2700 100000 1.12859e+07 -100000 0 0 100 100 0 0 
0.99125 1 2700 100000 1 0 0 0 1 0 0 0 1 2700 100000 1.12859e+07 -100000 0 0 100 100 0 0 
0.99175 1 2700 100000 1 0 0 0 1 0 0 0 1 2700 100000 1.12859e+07 -100000 0 0 100 100 0 0 
0.99225 1 2700 100000 1 0 0 0 1 0 0 0 1 2700 100000 1.12859e+07 -100000 0 0 100 100 0 0 
0.99275 1 2700 100000 1 0 0 0 1 0 0 0 1 2700 100000 1.12859e+07 -100000 0 0 100 100 0 0 
0.99325 1 2700 100000 1 0 0 0 1 0 0 0 1 2700 100000 1.12859e+07 -100000 0 0 100 100 0 0 
0.99375 1 2700 100000 1 0 0 0 1 0 0 0 1 2700 100000 1.12859e+07 -100000 0 0 100 100 0 0 
0.99425 1 2700 100000 1 0 0 0 1 0 0 0 1 2700 100000 1.12859e+07 -100000 0 0 100 100 0 0 
0.99475 1 2700 100000 1 0 0 0 1 0 0 0 1 2700 100000 1.12859e+07 -100000 0 0 100 100 0 0 
0.99525 1 2700 100000 1 0 0 0 1 0 0 0 1 2700 100000 1.12859e+07 -100000 0 0 100 100 0 0 
0.99575 1 2700 100000 1 0 0 0 1 0 0 0 1 2700 100000 1.12859e+07 -100000 0 0 100 100 0 0 
0.99625 1 2700 100000 1 0 0 0 1 0 0 0 1 2700 100000 1.12859e+07 -100000 0 0 100 100 0 0 
0.99675 1 2700 100000 1 0 0 0 1 0 0 0 1 2700 100000 1.12859e+07 -100000 0 0 100 100 0 0 
0.99725 1 2700 100000 1 0 0 0 1 0 0 0 1 2700 100000 1.12859e+07 -100000 0 0 100 100 0 0 
0.99775 1 2700 100000 1 0 0 0 1 0 0 0 1 2700 100000 1.12859e+07 -100000 0 0 100 100 0 0 
0.99825 1 2700 100000 1 0 0 0 1 0 0 0 1 2700 100000 1.12859e+07 -100000 0 0 100 100 0 0 
0.99875 1 2700 100000 1 0 0 0 1 0 0 0 1 2700 100000 1.12859e+07 -100000 0 0 100 100 0 0 
0.99925 1 2700 100000 1 0 0 0 1 0 0 0 1 2700 100000 1.12859e+07 -100000 0 0 100 100 0 0 
0.99975 1 2700 100000 1 0 0 0 1 0 0 0 1 2700 100000 1.12859e+07 -100000 0 0 100 100 0 0 

